[20:10:44] This is prokka 1.13
[20:10:44] Written by Torsten Seemann <torsten.seemann@gmail.com>
[20:10:44] Homepage is https://github.com/tseemann/prokka
[20:10:44] Local time is Fri Nov 16 20:10:44 2018
[20:10:44] You are linuxbrew
[20:10:44] Operating system is linux
[20:10:44] You have BioPerl 1.007002
[20:10:44] System has 40 cores.
[20:10:44] Will use maximum of 8 cores.
[20:10:44] Annotating as >>> Bacteria <<<
[20:10:44] Generating locus_tag from '/projects/micb405/resources/project_2/2018/SaanichInlet_200m/MetaBAT2_SaanichInlet_200m/MedQPlus_MAGs/SaanichInlet_200m.129.fa' contents.
[20:10:44] Setting --locustag DINFKPHP from MD5 d27f491976ee9e25fadd0d66f3f8ced8
[20:10:44] Creating new output folder: project2/prokka_output/SaanichInlet_200m.129
[20:10:44] Running: mkdir -p project2\/prokka_output\/SaanichInlet_200m\.129
[20:10:44] Using filename prefix: MAG129.XXX
[20:10:44] Setting HMMER_NCPU=1
[20:10:44] Writing log to: project2/prokka_output/SaanichInlet_200m.129/MAG129.log
[20:10:44] Command: /home/linuxbrew/.linuxbrew/bin/prokka --kingdom Bacteria --outdir project2/prokka_output/SaanichInlet_200m.129 --force --prefix MAG129 --cpus 8 /projects/micb405/resources/project_2/2018/SaanichInlet_200m/MetaBAT2_SaanichInlet_200m/MedQPlus_MAGs/SaanichInlet_200m.129.fa
[20:10:44] Appending to PATH: /home/linuxbrew/.linuxbrew/Cellar/prokka/1.13/bin
[20:10:44] Looking for 'aragorn' - found /home/linuxbrew/.linuxbrew/bin/aragorn
[20:10:44] Determined aragorn version is 1.2
[20:10:44] Looking for 'barrnap' - found /home/linuxbrew/.linuxbrew/bin/barrnap
[20:10:44] Determined barrnap version is 0.9
[20:10:44] Looking for 'blastp' - found /home/linuxbrew/.linuxbrew/bin/blastp
[20:10:44] Determined blastp version is 2.7
[20:10:44] Looking for 'cmpress' - found /home/linuxbrew/.linuxbrew/bin/cmpress
[20:10:44] Determined cmpress version is 1.1
[20:10:44] Looking for 'cmscan' - found /home/linuxbrew/.linuxbrew/bin/cmscan
[20:10:44] Determined cmscan version is 1.1
[20:10:44] Looking for 'egrep' - found /bin/egrep
[20:10:44] Looking for 'find' - found /usr/bin/find
[20:10:44] Looking for 'grep' - found /bin/grep
[20:10:44] Looking for 'hmmpress' - found /home/linuxbrew/.linuxbrew/bin/hmmpress
[20:10:44] Determined hmmpress version is 3.1
[20:10:44] Looking for 'hmmscan' - found /home/linuxbrew/.linuxbrew/bin/hmmscan
[20:10:44] Determined hmmscan version is 3.1
[20:10:44] Looking for 'java' - found /home/linuxbrew/.linuxbrew/bin/java
[20:10:44] Looking for 'less' - found /home/linuxbrew/.linuxbrew/bin/less
[20:10:44] Looking for 'makeblastdb' - found /home/linuxbrew/.linuxbrew/bin/makeblastdb
[20:10:44] Determined makeblastdb version is 2.7
[20:10:44] Looking for 'minced' - found /home/linuxbrew/.linuxbrew/bin/minced
[20:10:44] Determined minced version is 3.0
[20:10:44] Looking for 'parallel' - found /home/linuxbrew/.linuxbrew/bin/parallel
[20:10:44] Determined parallel version is 20180822
[20:10:44] Looking for 'prodigal' - found /home/linuxbrew/.linuxbrew/bin/prodigal
[20:10:44] Determined prodigal version is 2.6
[20:10:44] Looking for 'prokka-genbank_to_fasta_db' - found /home/linuxbrew/.linuxbrew/bin/prokka-genbank_to_fasta_db
[20:10:44] Looking for 'rnammer' - found /home/linuxbrew/.linuxbrew/bin/rnammer
[20:10:44] Determined rnammer version is 1.2
[20:10:44] Looking for 'sed' - found /bin/sed
[20:10:44] Looking for 'tbl2asn' - found /home/linuxbrew/.linuxbrew/bin/tbl2asn
[20:10:44] Determined tbl2asn version is 25.6
[20:10:44] Using genetic code table 11.
[20:10:44] Loading and checking input file: /projects/micb405/resources/project_2/2018/SaanichInlet_200m/MetaBAT2_SaanichInlet_200m/MedQPlus_MAGs/SaanichInlet_200m.129.fa
[20:10:45] Wrote 581 contigs totalling 4204940 bp.
[20:10:45] Predicting tRNAs and tmRNAs
[20:10:45] Running: aragorn -l -gc11  -w project2\/prokka_output\/SaanichInlet_200m\.129\/MAG129\.fna
[20:10:46] 1 tRNA-Val c[15451,15526] 36 (gac)
[20:10:46] 1 tRNA-Trp c[11253,11326] 34 (cca)
[20:10:46] 2 tRNA-Thr c[12582,12655] 34 (ggt)
[20:10:46] 3 tRNA-Gly c[12695,12768] 34 (tcc)
[20:10:46] 1 tRNA-Leu [10812,10894] 35 (tag)
[20:10:46] 1 tRNA-Leu c[5631,5713] 35 (caa)
[20:10:46] 1 tRNA-Met [8021,8095] 35 (cat)
[20:10:46] 1 tRNA-Leu c[94,179] 35 (taa)
[20:10:46] 2 tRNA-Gly c[215,287] 33 (gcc)
[20:10:46] 1 tRNA-Arg [22627,22699] 34 (ccg)
[20:10:46] 1 tRNA-Ala c[1378,1452] 35 (ggc)
[20:10:46] 1 tRNA-His c[84,158] 35 (gtg)
[20:10:46] 1 tRNA-Ser [6710,6798] 35 (gga)
[20:10:47] 1 tRNA-Ser [18371,18456] 35 (tga)
[20:10:47] 1 tRNA-Leu c[35426,35511] 35 (gag)
[20:10:47] 2 tRNA-Arg c[36061,36135] 35 (tct)
[20:10:47] 3 tRNA-Pro c[36226,36300] 35 (tgg)
[20:10:47] 1 tRNA-Met c[6531,6605] 35 (cat)
[20:10:47] 1 tRNA-Asp c[10906,10980] 35 (gtc)
[20:10:47] 1 tRNA-Thr [12479,12551] 33 (cgt)
[20:10:48] 1 tRNA-Glu c[749,823] 36 (ttc)
[20:10:48] 1 tRNA-Phe [432,505] 34 (gaa)
[20:10:48] 1 tRNA-Arg [1506,1578] 34 (cct)
[20:10:49] 1 tRNA-Arg c[1903,1975] 34 (cct)
[20:10:49] 1 tRNA-Arg [271,345] 34 (cct)
[20:10:49] 1 tRNA-Asn c[577,652] 35 (gtt)
[20:10:49] 1 tRNA-Ser c[818,907] 35 (gct)
[20:10:49] 1 tRNA-Arg [2007,2081] 35 (acg)
[20:10:49] 2 tRNA-Val [2321,2396] 36 (gac)
[20:10:49] 1 tRNA-Val c[1139,1216] 36 (gac)
[20:10:49] Found 30 tRNAs
[20:10:49] Predicting Ribosomal RNAs
[20:10:49] Running Barrnap with 8 threads
[20:10:50] 1 SaanichInlet_200m_129_83 3251 16S ribosomal RNA (partial)
[20:10:50] Found 1 rRNAs
[20:10:50] Skipping ncRNA search, enable with --rfam if desired.
[20:10:50] Total of 31 tRNA + rRNA features
[20:10:50] Searching for CRISPR repeats
[20:10:51] Found 0 CRISPRs
[20:10:51] Predicting coding sequences
[20:10:51] Contigs total 4204940 bp, so using single mode
[20:10:51] Running: prodigal -i project2\/prokka_output\/SaanichInlet_200m\.129\/MAG129\.fna -c -m -g 11 -p single -f sco -q
[20:11:03] Excluding CDS which overlaps existing RNA (tRNA) at SaanichInlet_200m_129_45:5519..5707 on - strand
[20:11:03] Excluding CDS which overlaps existing RNA (tRNA) at SaanichInlet_200m_129_134:4962..6572 on + strand
[20:11:04] Excluding CDS which overlaps existing RNA (tRNA) at SaanichInlet_200m_129_465:86..613 on + strand
[20:11:04] Excluding CDS which overlaps existing RNA (tRNA) at SaanichInlet_200m_129_529:2221..2526 on + strand
[20:11:04] Found 3465 CDS
[20:11:04] Connecting features back to sequences
[20:11:04] Not using genus-specific database. Try --usegenus to enable it.
[20:11:04] Annotating CDS, please be patient.
[20:11:04] Will use 8 CPUs for similarity searching.
[20:11:06] There are still 3465 unannotated CDS left (started with 3465)
[20:11:06] Will use blast to search against /home/linuxbrew/.linuxbrew/Cellar/prokka/1.13/bin/../db/kingdom/Bacteria/sprot with 8 CPUs
[20:11:06] Running: cat project2\/prokka_output\/SaanichInlet_200m\.129\/sprot\.faa | parallel --gnu --plain -j 8 --block 71516 --recstart '>' --pipe blastp -query - -db /home/linuxbrew/.linuxbrew/Cellar/prokka/1.13/bin/../db/kingdom/Bacteria/sprot -evalue 1e-06 -num_threads 1 -num_descriptions 1 -num_alignments 1 -seg no > project2\/prokka_output\/SaanichInlet_200m\.129\/sprot\.blast 2> /dev/null
[20:12:12] Modify product: Probable manganese efflux pump MntP => putative manganese efflux pump MntP
[20:12:12] Modify product: Probable S-adenosylmethionine-dependent methyltransferase MSMEG_2350/MSMEI_2290 => putative S-adenosylmethionine-dependent methyltransferase/MSMEI_2290
[20:12:12] Modify product: Putative phosphatase M6_Spy0533 => Putative phosphatase
[20:12:12] Modify product: Glutathione peroxidase homolog BsaA => Glutathione peroxidase BsaA
[20:12:12] Modify product: Uncharacterized epimerase/dehydratase SA0511 => putative epimerase/dehydratase
[20:12:12] Modify product: Uncharacterized protein NMB1437 => putative protein
[20:12:12] Modify product: Uncharacterized protein YqeY => putative protein YqeY
[20:12:12] Modify product: Uncharacterized protein Rv1480 => putative protein
[20:12:12] Modify product: Sulfurtransferase Alvin_2599 => Sulfurtransferase
[20:12:12] Modify product: Probable ribonucleotide transport ATP-binding protein mkl => putative ribonucleotide transport ATP-binding protein mkl
[20:12:12] Modify product: Probable phospholipid ABC transporter permease protein MlaE => putative phospholipid ABC transporter permease protein MlaE
[20:12:12] Modify product: Probable tRNA-dihydrouridine synthase => putative tRNA-dihydrouridine synthase
[20:12:12] Modify product: Uncharacterized zinc protease Rv2782c => putative zinc protease
[20:12:12] Modify product: Probable peptidyl-prolyl cis-trans isomerase => putative peptidyl-prolyl cis-trans isomerase
[20:12:12] Modify product: Glutathione peroxidase homolog BsaA => Glutathione peroxidase BsaA
[20:12:12] Modify product: UPF0353 protein Rv1481 => hypothetical protein
[20:12:12] Modify product: UPF0353 protein Rv1481 => hypothetical protein
[20:12:12] Modify product: Putative zinc metalloprotease aq_1964 => Putative zinc metalloprotease
[20:12:12] Modify product: Probable parvulin-type peptidyl-prolyl cis-trans isomerase => putative parvulin-type peptidyl-prolyl cis-trans isomerase
[20:12:12] Modify product: Putative cystathionine beta-synthase Rv1077 => Putative cystathionine beta-synthase
[20:12:12] Modify product: Uncharacterized lipoprotein YfhM => putative lipoprotein YfhM
[20:12:12] Modify product: Epimerase family protein Rv2216 => Epimerase family protein
[20:12:12] Modify product: Probable cysteine desulfurase => putative cysteine desulfurase
[20:12:12] Modify product: Probable ATP-dependent transporter SufC => putative ATP-dependent transporter SufC
[20:12:12] Modify product: UPF0145 protein BC_1012 => hypothetical protein
[20:12:12] Modify product: Uncharacterized protease YdcP => putative protease YdcP
[20:12:12] Modify product: Desiccation/radiation resistance protein DR_1769 => Desiccation/radiation resistance protein
[20:12:13] Modify product: Uncharacterized protein YyaP => putative protein YyaP
[20:12:13] Modify product: Uncharacterized protein Rv1507c => putative protein
[20:12:13] Modify product: Uncharacterized lipoprotein YfhM => putative lipoprotein YfhM
[20:12:13] Modify product: Uncharacterized glycosyltransferase Rv1514c => putative glycosyltransferase
[20:12:13] Modify product: Uncharacterized protein YciO => putative protein YciO
[20:12:13] Modify product: UPF0056 inner membrane protein YhgN => hypothetical protein
[20:12:13] Modify product: Probable iron export permease protein FetB => putative iron export permease protein FetB
[20:12:13] Modify product: Probable iron export ATP-binding protein FetA => putative iron export ATP-binding protein FetA
[20:12:13] Modify product: Probable Ni/Fe-hydrogenase 2 b-type cytochrome subunit => putative Ni/Fe-hydrogenase 2 b-type cytochrome subunit
[20:12:13] Modify product: Cyclic nucleotide-gated potassium channel mll3241 => Cyclic nucleotide-gated potassium channel
[20:12:13] Modify product: Probable nicotinate-nucleotide pyrophosphorylase [carboxylating] => putative nicotinate-nucleotide pyrophosphorylase [carboxylating]
[20:12:13] Modify product: Probable transcriptional regulatory protein YebC => putative transcriptional regulatory protein YebC
[20:12:13] Modify product: Uncharacterized protein YciH => putative protein YciH
[20:12:13] Modify product: Actin-binding protein Smlt3054 => Actin-binding protein
[20:12:13] Modify product: Probable adenylyltransferase/sulfurtransferase MoeZ => putative adenylyltransferase/sulfurtransferase MoeZ
[20:12:13] Modify product: Uncharacterized oxidoreductase YdhV => putative oxidoreductase YdhV
[20:12:13] Modify product: Probable lipid II flippase MurJ => putative lipid II flippase MurJ
[20:12:13] Modify product: Probable GTPase Rv1496 => putative GTPase
[20:12:13] Modify product: UPF0213 protein SP_1535 => hypothetical protein
[20:12:13] Modify product: Uncharacterized protein YqeN => putative protein YqeN
[20:12:13] Modify product: Probable quorum-quenching lactonase YtnP => putative quorum-quenching lactonase YtnP
[20:12:13] Modify product: Probable cysteine desulfurase => putative cysteine desulfurase
[20:12:13] Modify product: Probable iron-sulfur-binding oxidoreductase FadF => putative iron-sulfur-binding oxidoreductase FadF
[20:12:13] Modify product: UPF0053 protein Rv2366c => hypothetical protein
[20:12:13] Modify product: Iron-sulfur flavoprotein CD630_04720 => Iron-sulfur flavoprotein
[20:12:13] Modify product: Tricorn protease homolog 1 => Tricorn protease 
[20:12:13] Modify product: Acetyltransferase SACOL1063 => Acetyltransferase
[20:12:13] Modify product: Probable glucarate transporter => putative glucarate transporter
[20:12:13] Modify product: Probable succinyl-CoA:3-ketoacid coenzyme A transferase subunit B => putative succinyl-CoA:3-ketoacid coenzyme A transferase subunit B
[20:12:13] Modify product: UPF0371 protein DIP2346 => hypothetical protein
[20:12:13] Modify product: Uncharacterized HIT-like protein Rv0759c => putative HIT-like protein
[20:12:13] Modify product: Probable nicotinate-nucleotide adenylyltransferase => putative nicotinate-nucleotide adenylyltransferase
[20:12:13] Modify product: UPF0701 protein YicC => hypothetical protein
[20:12:13] Modify product: Probable multidrug ABC transporter permease YbhR => putative multidrug ABC transporter permease YbhR
[20:12:13] Modify product: Probable multidrug ABC transporter permease YbhR => putative multidrug ABC transporter permease YbhR
[20:12:13] Modify product: Probable multidrug ABC transporter ATP-binding protein YbhF => putative multidrug ABC transporter ATP-binding protein YbhF
[20:12:13] Modify product: Probable multidrug ABC transporter ATP-binding protein YbhF => putative multidrug ABC transporter ATP-binding protein YbhF
[20:12:13] Modify product: UPF0194 membrane protein YbhG => hypothetical protein
[20:12:14] Modify product: UPF0213 protein SP_1535 => hypothetical protein
[20:12:14] Modify product: Uncharacterized protein YhaP => putative protein YhaP
[20:12:14] Modify product: Probable GTP-binding protein EngB => putative GTP-binding protein EngB
[20:12:14] Modify product: Probable glycine dehydrogenase (decarboxylating) subunit 1 => putative glycine dehydrogenase (decarboxylating) subunit 1
[20:12:14] Modify product: Uncharacterized protein Rv1829 => putative protein
[20:12:14] Modify product: UPF0761 membrane protein YihY => hypothetical protein
[20:12:14] Modify product: Uncharacterized ABC transporter ATP-binding protein YheS => putative ABC transporter ATP-binding protein YheS
[20:12:14] Modify product: Probable adenylyl-sulfate kinase => putative adenylyl-sulfate kinase
[20:12:14] Modify product: Uncharacterized protein YjbR => putative protein YjbR
[20:12:14] Modify product: Uncharacterized glycosyltransferase sll0501 => putative glycosyltransferase
[20:12:14] Modify product: Uncharacterized protein YjiK => putative protein YjiK
[20:12:14] Modify product: Uncharacterized protein Rv2307c => putative protein
[20:12:14] Modify product: Probable glycine dehydrogenase (decarboxylating) subunit 2 => putative glycine dehydrogenase (decarboxylating) subunit 2
[20:12:14] Modify product: Uncharacterized protein Rv1480 => putative protein
[20:12:14] Modify product: Probable L-asparaginase periplasmic => putative L-asparaginase periplasmic
[20:12:14] Modify product: UPF0758 protein CT0611 => hypothetical protein
[20:12:14] Modify product: Probable phosphatase Rv3661 => putative phosphatase
[20:12:14] Modify product: Uncharacterized protein HI_1162 => putative protein
[20:12:14] Modify product: Probable transcriptional regulatory protein pdtaR => putative transcriptional regulatory protein pdtaR
[20:12:14] Modify product: Probable enoyl-CoA hydratase echA8 => putative enoyl-CoA hydratase echA8
[20:12:14] Modify product: Uncharacterized metal-dependent hydrolase YcfH => putative metal-dependent hydrolase YcfH
[20:12:14] Modify product: UPF0213 protein SP_1535 => hypothetical protein
[20:12:14] Modify product: Probable manganese efflux pump MntP => putative manganese efflux pump MntP
[20:12:14] Modify product: Uncharacterized protein HI_1162 => putative protein
[20:12:15] Modify product: Probable cysteine desulfurase => putative cysteine desulfurase
[20:12:15] Modify product: Probable iron-sulfur-binding oxidoreductase FadF => putative iron-sulfur-binding oxidoreductase FadF
[20:12:15] Modify product: Probable cytosol aminopeptidase => putative cytosol aminopeptidase
[20:12:15] Modify product: Uncharacterized MscS family protein HI_0195.1 => putative MscS family protein.1
[20:12:15] Modify product: UPF0047 protein Rv2556c => hypothetical protein
[20:12:15] Modify product: Uncharacterized ABC transporter ATP-binding protein YbiT => putative ABC transporter ATP-binding protein YbiT
[20:12:15] Modify product: UPF0053 inner membrane protein YfjD => hypothetical protein
[20:12:15] Modify product: Uncharacterized protein YpbG => putative protein YpbG
[20:12:15] Modify product: Probable bifunctional oligoribonuclease and PAP phosphatase NrnA => putative bifunctional oligoribonuclease and PAP phosphatase NrnA
[20:12:15] Modify product: Uncharacterized protein Rv1507c => putative protein
[20:12:15] Modify product: Uncharacterized protein HI_0933 => putative protein
[20:12:15] Modify product: Uncharacterized protein HI_1163 => putative protein
[20:12:15] Modify product: Probable iron-sulfur-binding oxidoreductase FadF => putative iron-sulfur-binding oxidoreductase FadF
[20:12:15] Modify product: Uncharacterized oxidoreductase YtbE => putative oxidoreductase YtbE
[20:12:15] Modify product: Uncharacterized ABC transporter ATP-binding protein YxlF => putative ABC transporter ATP-binding protein YxlF
[20:12:15] Modify product: GTP cyclohydrolase 1 type 2 homolog => GTP cyclohydrolase 1 type 2 
[20:12:15] Modify product: Uncharacterized protein Rv2307c => putative protein
[20:12:15] Modify product: Uncharacterized protein YibN => putative protein YibN
[20:12:15] Modify product: UPF0301 protein SO_3346 => hypothetical protein
[20:12:15] Modify product: Probable phosphatase Rv3661 => putative phosphatase
[20:12:15] Modify product: Probable nicotinate-nucleotide pyrophosphorylase [carboxylating] => putative nicotinate-nucleotide pyrophosphorylase [carboxylating]
[20:12:15] Modify product: Uncharacterized protein YfgD => putative protein YfgD
[20:12:15] Modify product: Probable dihydroorotate dehydrogenase A (fumarate) => putative dihydroorotate dehydrogenase A (fumarate)
[20:12:15] Modify product: Uncharacterized ABC transporter ATP-binding protein YknY => putative ABC transporter ATP-binding protein YknY
[20:12:15] Modify product: Epimerase family protein Rv2216 => Epimerase family protein
[20:12:15] Modify product: Uncharacterized protein YpjD => putative protein YpjD
[20:12:15] Modify product: Putative multidrug export ATP-binding/permease protein SA1683 => Putative multidrug export ATP-binding/permease protein
[20:12:15] Modify product: Putative zinc metalloprotease aq_1964 => Putative zinc metalloprotease
[20:12:15] Modify product: Glutathione peroxidase homolog BsaA => Glutathione peroxidase BsaA
[20:12:15] Modify product: UPF0246 protein YaaA => hypothetical protein
[20:12:15] Modify product: Uncharacterized protein Rv2047c => putative protein
[20:12:15] Modify product: Uncharacterized protein Rv2008c => putative protein
[20:12:15] Modify product: Uncharacterized ABC transporter ATP-binding protein YknY => putative ABC transporter ATP-binding protein YknY
[20:12:15] Modify product: Probable sensor histidine kinase pdtaS => putative sensor histidine kinase pdtaS
[20:12:15] Modify product: Uncharacterized protein NMB0459 => putative protein
[20:12:15] Modify product: Purine-binding protein BAB2_0673 => Purine-binding protein
[20:12:15] Modify product: Uncharacterized protein YcgM => putative protein YcgM
[20:12:15] Modify product: UPF0173 metal-dependent hydrolase TM_1162 => hypothetical protein
[20:12:15] Modify product: Probable lipid II flippase MurJ => putative lipid II flippase MurJ
[20:12:16] Modify product: Uncharacterized protein Rv2008c => putative protein
[20:12:16] Modify product: Putative esterase PA1618 => Putative esterase
[20:12:16] Modify product: Probable transcriptional regulatory protein pdtaR => putative transcriptional regulatory protein pdtaR
[20:12:16] Modify product: Probable sensor histidine kinase pdtaS => putative sensor histidine kinase pdtaS
[20:12:16] Modify product: Probable sensor histidine kinase pdtaS => putative sensor histidine kinase pdtaS
[20:12:16] Modify product: Uncharacterized protein Rv2047c => putative protein
[20:12:16] Modify product: Uncharacterized ABC transporter ATP-binding protein YxlF => putative ABC transporter ATP-binding protein YxlF
[20:12:16] Modify product: UPF0098 protein YbcL => hypothetical protein
[20:12:16] Modify product: Probable sensor-like histidine kinase YedV => putative sensor-like histidine kinase YedV
[20:12:16] Modify product: Uncharacterized oxidoreductase YdhV => putative oxidoreductase YdhV
[20:12:16] Modify product: Uncharacterized protein MRA_2757 => putative protein
[20:12:16] Modify product: Uncharacterized metallophosphoesterase YhaO => putative metallophosphoesterase YhaO
[20:12:16] Modify product: UPF0365 protein SA1402 => hypothetical protein
[20:12:16] Modify product: Probable peptidyl-prolyl cis-trans isomerase => putative peptidyl-prolyl cis-trans isomerase
[20:12:16] Modify product: Uncharacterized membrane protein YdfK => putative membrane protein YdfK
[20:12:16] Modify product: Uncharacterized protein Rv2008c => putative protein
[20:12:16] Modify product: Probable outer membrane protein pmp20 => putative outer membrane protein pmp20
[20:12:16] Modify product: Probable acyl-CoA dehydrogenase => putative acyl-CoA dehydrogenase
[20:12:16] Cleaned 146 /product names
[20:12:16] Deleting unwanted file: project2/prokka_output/SaanichInlet_200m.129/sprot.faa
[20:12:16] Deleting unwanted file: project2/prokka_output/SaanichInlet_200m.129/sprot.blast
[20:12:17] There are still 1977 unannotated CDS left (started with 3465)
[20:12:17] Will use hmmer3 to search against /home/linuxbrew/.linuxbrew/Cellar/prokka/1.13/bin/../db/hmm/HAMAP.hmm with 8 CPUs
[20:12:17] Running: cat project2\/prokka_output\/SaanichInlet_200m\.129\/HAMAP\.hmm\.faa | parallel --gnu --plain -j 8 --block 36050 --recstart '>' --pipe hmmscan --noali --notextw --acc -E 1e-06 --cpu 1 /home/linuxbrew/.linuxbrew/Cellar/prokka/1.13/bin/../db/hmm/HAMAP.hmm /dev/stdin > project2\/prokka_output\/SaanichInlet_200m\.129\/HAMAP\.hmm\.hmmer3 2> /dev/null
[20:12:53] Modify product: Uncharacterized Nudix hydrolase NudL => putative Nudix hydrolase NudL
[20:12:53] Modify product: Uncharacterized Nudix hydrolase NudL => putative Nudix hydrolase NudL
[20:12:53] Modify product: Uncharacterized Nudix hydrolase NudL => putative Nudix hydrolase NudL
[20:12:54] Cleaned 3 /product names
[20:12:54] Deleting unwanted file: project2/prokka_output/SaanichInlet_200m.129/HAMAP.hmm.faa
[20:12:54] Deleting unwanted file: project2/prokka_output/SaanichInlet_200m.129/HAMAP.hmm.hmmer3
[20:12:54] Labelling remaining 1867 proteins as 'hypothetical protein'
[20:12:54] Possible /pseudo 'Outer membrane protein assembly factor BamB' at SaanichInlet_200m_129_28 position 3554
[20:12:54] Possible /pseudo 'Alanine--tRNA ligase' at SaanichInlet_200m_129_36 position 18275
[20:12:54] Possible /pseudo 'dTDP-4-dehydrorhamnose 3,5-epimerase' at SaanichInlet_200m_129_39 position 21435
[20:12:54] Possible /pseudo 'Outer membrane protein MIP' at SaanichInlet_200m_129_39 position 26523
[20:12:54] Possible /pseudo 'UvrABC system protein A' at SaanichInlet_200m_129_53 position 5287
[20:12:54] Possible /pseudo 'Dihydrofolate reductase' at SaanichInlet_200m_129_57 position 8445
[20:12:54] Possible /pseudo 'putative multidrug ABC transporter permease YbhR' at SaanichInlet_200m_129_76 position 2035
[20:12:54] Possible /pseudo 'putative multidrug ABC transporter ATP-binding protein YbhF' at SaanichInlet_200m_129_76 position 3998
[20:12:54] Possible /pseudo 'Thiol:disulfide interchange protein DsbD' at SaanichInlet_200m_129_103 position 29824
[20:12:54] Possible /pseudo 'Methionine aminotransferase' at SaanichInlet_200m_129_125 position 6967
[20:12:54] Possible /pseudo 'Phytochrome-like protein cph1' at SaanichInlet_200m_129_247 position 1024
[20:12:54] Possible /pseudo 'Autoinducer 2 sensor kinase/phosphatase LuxQ' at SaanichInlet_200m_129_348 position 1891
[20:12:54] Possible /pseudo 'putative sensor histidine kinase pdtaS' at SaanichInlet_200m_129_411 position 3550
[20:12:54] Possible /pseudo 'Macrolide export ATP-binding/permease protein MacB' at SaanichInlet_200m_129_525 position 3328
[20:12:54] Found 1089 unique /gene codes.
[20:12:54] Fixed 3 duplicate /gene - fixL_1 fixL_2 fixL_3
[20:12:54] Fixed 2 duplicate /gene - nadC_1 nadC_2
[20:12:54] Fixed 3 duplicate /gene - menG_1 menG_2 menG_3
[20:12:54] Fixed 3 duplicate /gene - macA_1 macA_2 macA_3
[20:12:54] Fixed 2 duplicate /gene - lysS_1 lysS_2
[20:12:54] Fixed 3 duplicate /gene - fadR_1 fadR_2 fadR_3
[20:12:54] Fixed 2 duplicate /gene - ctaB_1 ctaB_2
[20:12:54] Fixed 3 duplicate /gene - wbpI_1 wbpI_2 wbpI_3
[20:12:54] Fixed 5 duplicate /gene - prtV_1 prtV_2 prtV_3 prtV_4 prtV_5
[20:12:54] Fixed 2 duplicate /gene - ytlP_1 ytlP_2
[20:12:54] Fixed 3 duplicate /gene - pdtaS_1 pdtaS_2 pdtaS_3
[20:12:54] Fixed 2 duplicate /gene - ybhR_1 ybhR_2
[20:12:54] Fixed 2 duplicate /gene - mntP_1 mntP_2
[20:12:54] Fixed 5 duplicate /gene - lapB_1 lapB_2 lapB_3 lapB_4 lapB_5
[20:12:54] Fixed 2 duplicate /gene - rsgA_1 rsgA_2
[20:12:54] Fixed 2 duplicate /gene - tyrS_1 tyrS_2
[20:12:54] Fixed 2 duplicate /gene - rplQ_1 rplQ_2
[20:12:54] Fixed 2 duplicate /gene - sfp_1 sfp_2
[20:12:54] Fixed 2 duplicate /gene - bla_1 bla_2
[20:12:54] Fixed 3 duplicate /gene - bamA_1 bamA_2 bamA_3
[20:12:54] Fixed 2 duplicate /gene - pdhC_1 pdhC_2
[20:12:54] Fixed 2 duplicate /gene - arnA_1 arnA_2
[20:12:54] Fixed 3 duplicate /gene - mcp4_1 mcp4_2 mcp4_3
[20:12:54] Fixed 3 duplicate /gene - fixK_1 fixK_2 fixK_3
[20:12:54] Fixed 2 duplicate /gene - senX3_1 senX3_2
[20:12:54] Fixed 2 duplicate /gene - murJ_1 murJ_2
[20:12:54] Fixed 2 duplicate /gene - prs_1 prs_2
[20:12:54] Fixed 2 duplicate /gene - gpx1_1 gpx1_2
[20:12:54] Fixed 3 duplicate /gene - recQ_1 recQ_2 recQ_3
[20:12:54] Fixed 2 duplicate /gene - gyrA_1 gyrA_2
[20:12:54] Fixed 7 duplicate /gene - trxA_1 trxA_2 trxA_3 trxA_4 trxA_5 trxA_6 trxA_7
[20:12:54] Fixed 2 duplicate /gene - menH_1 menH_2
[20:12:54] Fixed 2 duplicate /gene - rnhA_1 rnhA_2
[20:12:54] Fixed 2 duplicate /gene - pds_1 pds_2
[20:12:54] Fixed 3 duplicate /gene - ycf3_1 ycf3_2 ycf3_3
[20:12:54] Fixed 2 duplicate /gene - queA_1 queA_2
[20:12:54] Fixed 2 duplicate /gene - pfp_1 pfp_2
[20:12:54] Fixed 3 duplicate /gene - csd_1 csd_2 csd_3
[20:12:54] Fixed 2 duplicate /gene - gpsA_1 gpsA_2
[20:12:54] Fixed 2 duplicate /gene - psaB_1 psaB_2
[20:12:54] Fixed 2 duplicate /gene - relA_1 relA_2
[20:12:54] Fixed 2 duplicate /gene - rpfC_1 rpfC_2
[20:12:54] Fixed 2 duplicate /gene - ccp_1 ccp_2
[20:12:54] Fixed 2 duplicate /gene - lpxK_1 lpxK_2
[20:12:54] Fixed 2 duplicate /gene - yfkN_1 yfkN_2
[20:12:54] Fixed 3 duplicate /gene - sodB_1 sodB_2 sodB_3
[20:12:54] Fixed 2 duplicate /gene - rpe_1 rpe_2
[20:12:54] Fixed 2 duplicate /gene - pepN_1 pepN_2
[20:12:54] Fixed 2 duplicate /gene - kinA_1 kinA_2
[20:12:54] Fixed 2 duplicate /gene - guaD_1 guaD_2
[20:12:54] Fixed 2 duplicate /gene - rfbB_1 rfbB_2
[20:12:54] Fixed 3 duplicate /gene - lolD_1 lolD_2 lolD_3
[20:12:54] Fixed 2 duplicate /gene - pspC_1 pspC_2
[20:12:54] Fixed 6 duplicate /gene - bepA_1 bepA_2 bepA_3 bepA_4 bepA_5 bepA_6
[20:12:54] Fixed 3 duplicate /gene - truC_1 truC_2 truC_3
[20:12:54] Fixed 3 duplicate /gene - xerC_1 xerC_2 xerC_3
[20:12:54] Fixed 3 duplicate /gene - galE_1 galE_2 galE_3
[20:12:54] Fixed 2 duplicate /gene - korA_1 korA_2
[20:12:54] Fixed 2 duplicate /gene - rbn_1 rbn_2
[20:12:54] Fixed 3 duplicate /gene - degS_1 degS_2 degS_3
[20:12:54] Fixed 2 duplicate /gene - dfrA_1 dfrA_2
[20:12:54] Fixed 3 duplicate /gene - cph1_1 cph1_2 cph1_3
[20:12:54] Fixed 2 duplicate /gene - secDF_1 secDF_2
[20:12:54] Fixed 2 duplicate /gene - rgtE_1 rgtE_2
[20:12:54] Fixed 2 duplicate /gene - rnfC_1 rnfC_2
[20:12:54] Fixed 2 duplicate /gene - ppm1_1 ppm1_2
[20:12:54] Fixed 2 duplicate /gene - ccsA_1 ccsA_2
[20:12:54] Fixed 7 duplicate /gene - macB_1 macB_2 macB_3 macB_4 macB_5 macB_6 macB_7
[20:12:54] Fixed 2 duplicate /gene - tilS_1 tilS_2
[20:12:54] Fixed 5 duplicate /gene - xerD_1 xerD_2 xerD_3 xerD_4 xerD_5
[20:12:54] Fixed 2 duplicate /gene - sigE_1 sigE_2
[20:12:54] Fixed 2 duplicate /gene - csxA_1 csxA_2
[20:12:54] Fixed 2 duplicate /gene - mgl_1 mgl_2
[20:12:54] Fixed 2 duplicate /gene - hemN_1 hemN_2
[20:12:54] Fixed 2 duplicate /gene - fic_1 fic_2
[20:12:54] Fixed 2 duplicate /gene - rlmL_1 rlmL_2
[20:12:54] Fixed 2 duplicate /gene - nusG_1 nusG_2
[20:12:54] Fixed 3 duplicate /gene - resE_1 resE_2 resE_3
[20:12:54] Fixed 2 duplicate /gene - oar_1 oar_2
[20:12:54] Fixed 7 duplicate /gene - bamB_1 bamB_2 bamB_3 bamB_4 bamB_5 bamB_6 bamB_7
[20:12:54] Fixed 2 duplicate /gene - cspC_1 cspC_2
[20:12:54] Fixed 4 duplicate /gene - rsxB_1 rsxB_2 rsxB_3 rsxB_4
[20:12:54] Fixed 2 duplicate /gene - coaD_1 coaD_2
[20:12:54] Fixed 2 duplicate /gene - mftC_1 mftC_2
[20:12:54] Fixed 2 duplicate /gene - sglT_1 sglT_2
[20:12:54] Fixed 2 duplicate /gene - pccB_1 pccB_2
[20:12:54] Fixed 3 duplicate /gene - bsaA_1 bsaA_2 bsaA_3
[20:12:54] Fixed 2 duplicate /gene - wecA_1 wecA_2
[20:12:54] Fixed 2 duplicate /gene - soxS_1 soxS_2
[20:12:54] Fixed 2 duplicate /gene - lpxD_1 lpxD_2
[20:12:54] Fixed 2 duplicate /gene - rpiB_1 rpiB_2
[20:12:54] Fixed 2 duplicate /gene - hcf136_1 hcf136_2
[20:12:54] Fixed 2 duplicate /gene - pdtaR_1 pdtaR_2
[20:12:54] Fixed 2 duplicate /gene - ftsX_1 ftsX_2
[20:12:54] Fixed 2 duplicate /gene - trxB_1 trxB_2
[20:12:54] Fixed 3 duplicate /gene - isiB_1 isiB_2 isiB_3
[20:12:54] Fixed 3 duplicate /gene - sigW_1 sigW_2 sigW_3
[20:12:54] Fixed 2 duplicate /gene - perR_1 perR_2
[20:12:54] Fixed 4 duplicate /gene - ytfE_1 ytfE_2 ytfE_3 ytfE_4
[20:12:54] Fixed 2 duplicate /gene - bm3R1_1 bm3R1_2
[20:12:54] Fixed 2 duplicate /gene - copA_1 copA_2
[20:12:54] Fixed 2 duplicate /gene - anr_1 anr_2
[20:12:54] Fixed 2 duplicate /gene - apbC_1 apbC_2
[20:12:54] Fixed 2 duplicate /gene - hldE_1 hldE_2
[20:12:54] Fixed 3 duplicate /gene - neuA_1 neuA_2 neuA_3
[20:12:54] Fixed 2 duplicate /gene - bcp_1 bcp_2
[20:12:54] Fixed 2 duplicate /gene - lspA_1 lspA_2
[20:12:54] Fixed 3 duplicate /gene - mepA_1 mepA_2 mepA_3
[20:12:54] Fixed 2 duplicate /gene - feoB_1 feoB_2
[20:12:54] Fixed 4 duplicate /gene - susC_1 susC_2 susC_3 susC_4
[20:12:54] Fixed 2 duplicate /gene - purL_1 purL_2
[20:12:54] Fixed 2 duplicate /gene - pinR_1 pinR_2
[20:12:54] Fixed 5 duplicate /gene - acdA_1 acdA_2 acdA_3 acdA_4 acdA_5
[20:12:54] Fixed 2 duplicate /gene - sigR_1 sigR_2
[20:12:54] Fixed 2 duplicate /gene - copZ_1 copZ_2
[20:12:54] Fixed 2 duplicate /gene - oleD_1 oleD_2
[20:12:54] Fixed 2 duplicate /gene - korB_1 korB_2
[20:12:54] Fixed 2 duplicate /gene - yohD_1 yohD_2
[20:12:54] Fixed 3 duplicate /gene - kbl_1 kbl_2 kbl_3
[20:12:54] Fixed 2 duplicate /gene - panB_1 panB_2
[20:12:54] Fixed 2 duplicate /gene - yknY_1 yknY_2
[20:12:54] Fixed 2 duplicate /gene - icaA_1 icaA_2
[20:12:54] Fixed 2 duplicate /gene - fadM_1 fadM_2
[20:12:54] Fixed 2 duplicate /gene - hndA_1 hndA_2
[20:12:54] Fixed 2 duplicate /gene - ndhI_1 ndhI_2
[20:12:54] Fixed 3 duplicate /gene - ppiB_1 ppiB_2 ppiB_3
[20:12:54] Fixed 2 duplicate /gene - ngl_1 ngl_2
[20:12:54] Fixed 2 duplicate /gene - lgt_1 lgt_2
[20:12:54] Fixed 2 duplicate /gene - queD_1 queD_2
[20:12:54] Fixed 2 duplicate /gene - dmsB_1 dmsB_2
[20:12:54] Fixed 3 duplicate /gene - oprF_1 oprF_2 oprF_3
[20:12:54] Fixed 4 duplicate /gene - dsbD_1 dsbD_2 dsbD_3 dsbD_4
[20:12:54] Fixed 2 duplicate /gene - prmA_1 prmA_2
[20:12:54] Fixed 2 duplicate /gene - fabG_1 fabG_2
[20:12:54] Fixed 3 duplicate /gene - pkn1_1 pkn1_2 pkn1_3
[20:12:54] Fixed 2 duplicate /gene - pgdA_1 pgdA_2
[20:12:54] Fixed 4 duplicate /gene - czcB_1 czcB_2 czcB_3 czcB_4
[20:12:54] Fixed 2 duplicate /gene - rsmD_1 rsmD_2
[20:12:54] Fixed 2 duplicate /gene - thrC_1 thrC_2
[20:12:54] Fixed 2 duplicate /gene - tuaD_1 tuaD_2
[20:12:54] Fixed 2 duplicate /gene - hoxY_1 hoxY_2
[20:12:54] Fixed 2 duplicate /gene - ywaD_1 ywaD_2
[20:12:54] Fixed 2 duplicate /gene - pgaC_1 pgaC_2
[20:12:54] Fixed 3 duplicate /gene - fadF_1 fadF_2 fadF_3
[20:12:54] Fixed 2 duplicate /gene - lpd_1 lpd_2
[20:12:54] Fixed 3 duplicate /gene - ubiE_1 ubiE_2 ubiE_3
[20:12:54] Fixed 2 duplicate /gene - rhlE_1 rhlE_2
[20:12:54] Fixed 3 duplicate /gene - atoC_1 atoC_2 atoC_3
[20:12:54] Fixed 2 duplicate /gene - fabH_1 fabH_2
[20:12:54] Fixed 4 duplicate /gene - cirA_1 cirA_2 cirA_3 cirA_4
[20:12:54] Fixed 2 duplicate /gene - ybhF_1 ybhF_2
[20:12:54] Fixed 3 duplicate /gene - cdsA_1 cdsA_2 cdsA_3
[20:12:54] Fixed 2 duplicate /gene - adk_1 adk_2
[20:12:54] Fixed 2 duplicate /gene - dtpB_1 dtpB_2
[20:12:54] Fixed 2 duplicate /gene - pcm_1 pcm_2
[20:12:54] Fixed 4 duplicate /gene - pyrD_1 pyrD_2 pyrD_3 pyrD_4
[20:12:54] Fixed 3 duplicate /gene - radA_1 radA_2 radA_3
[20:12:54] Fixed 3 duplicate /gene - mltD_1 mltD_2 mltD_3
[20:12:54] Fixed 2 duplicate /gene - kamA_1 kamA_2
[20:12:54] Fixed 2 duplicate /gene - queG_1 queG_2
[20:12:54] Fixed 2 duplicate /gene - dsvC_1 dsvC_2
[20:12:54] Fixed 2 duplicate /gene - yfhM_1 yfhM_2
[20:12:54] Fixed 2 duplicate /gene - pepD_1 pepD_2
[20:12:54] Fixed 3 duplicate /gene - hndC_1 hndC_2 hndC_3
[20:12:54] Fixed 2 duplicate /gene - swrC_1 swrC_2
[20:12:54] Fixed 2 duplicate /gene - wbbL_1 wbbL_2
[20:12:54] Fixed 2 duplicate /gene - dnaJ_1 dnaJ_2
[20:12:54] Fixed 4 duplicate /gene - uvrA_1 uvrA_2 uvrA_3 uvrA_4
[20:12:54] Fixed 2 duplicate /gene - uppP_1 uppP_2
[20:12:54] Fixed 2 duplicate /gene - cobB_1 cobB_2
[20:12:54] Fixed 2 duplicate /gene - rpsD_1 rpsD_2
[20:12:54] Fixed 2 duplicate /gene - dnaC_1 dnaC_2
[20:12:54] Fixed 2 duplicate /gene - qrcA_1 qrcA_2
[20:12:54] Fixed 2 duplicate /gene - dpp7_1 dpp7_2
[20:12:54] Fixed 4 duplicate /gene - cya_1 cya_2 cya_3 cya_4
[20:12:54] Fixed 5 duplicate /gene - ypdA_1 ypdA_2 ypdA_3 ypdA_4 ypdA_5
[20:12:54] Fixed 2 duplicate /gene - opuE_1 opuE_2
[20:12:54] Fixed 2 duplicate /gene - hhoA_1 hhoA_2
[20:12:54] Fixed 7 duplicate /gene - resA_1 resA_2 resA_3 resA_4 resA_5 resA_6 resA_7
[20:12:54] Fixed 2 duplicate /gene - rfbC_1 rfbC_2
[20:12:54] Fixed 3 duplicate /gene - bepE_1 bepE_2 bepE_3
[20:12:54] Fixed 2 duplicate /gene - rsmI_1 rsmI_2
[20:12:54] Fixed 2 duplicate /gene - nsrR_1 nsrR_2
[20:12:54] Fixed 2 duplicate /gene - btsR_1 btsR_2
[20:12:54] Fixed 2 duplicate /gene - ydhV_1 ydhV_2
[20:12:54] Fixed 3 duplicate /gene - lytR_1 lytR_2 lytR_3
[20:12:54] Fixed 2 duplicate /gene - petE_1 petE_2
[20:12:54] Fixed 2 duplicate /gene - acpP_1 acpP_2
[20:12:54] Fixed 2 duplicate /gene - glpQ_1 glpQ_2
[20:12:54] Fixed 2 duplicate /gene - czcA_1 czcA_2
[20:12:54] Fixed 2 duplicate /gene - yigZ_1 yigZ_2
[20:12:54] Fixed 3 duplicate /gene - nudL_1 nudL_2 nudL_3
[20:12:54] Fixed 2 duplicate /gene - hoxH_1 hoxH_2
[20:12:54] Fixed 2 duplicate /gene - nanM_1 nanM_2
[20:12:54] Fixed 2 duplicate /gene - mip_1 mip_2
[20:12:54] Fixed 5 duplicate /gene - mepM_1 mepM_2 mepM_3 mepM_4 mepM_5
[20:12:54] Fixed 5 duplicate /gene - luxQ_1 luxQ_2 luxQ_3 luxQ_4 luxQ_5
[20:12:54] Fixed 2 duplicate /gene - dksA_1 dksA_2
[20:12:54] Fixed 2 duplicate /gene - buk2_1 buk2_2
[20:12:54] Fixed 2 duplicate /gene - yxlF_1 yxlF_2
[20:12:54] Fixed 2 duplicate /gene - yabJ_1 yabJ_2
[20:12:54] Fixed 2 duplicate /gene - dxr_1 dxr_2
[20:12:54] Fixed 2 duplicate /gene - panP_1 panP_2
[20:12:54] Fixed 2 duplicate /gene - ybdL_1 ybdL_2
[20:12:54] Fixed 2 duplicate /gene - arsM_1 arsM_2
[20:12:54] Fixed 2 duplicate /gene - rsmE_1 rsmE_2
[20:12:54] Fixed 2 duplicate /gene - pncC_1 pncC_2
[20:12:54] Fixed 2 duplicate /gene - pleC_1 pleC_2
[20:12:54] Fixed 4 duplicate /gene - yrrB_1 yrrB_2 yrrB_3 yrrB_4
[20:12:54] Fixed 2 duplicate /gene - pepC_1 pepC_2
[20:12:54] Fixed 5 duplicate /gene - ubiG_1 ubiG_2 ubiG_3 ubiG_4 ubiG_5
[20:12:54] Fixed 2 duplicate /gene - alaS_1 alaS_2
[20:12:54] Fixed 3 duplicate /gene - ttrB_1 ttrB_2 ttrB_3
[20:12:54] Fixed 2 duplicate /gene - groS1_1 groS1_2
[20:12:54] Fixed 5 duplicate /gene - patA_1 patA_2 patA_3 patA_4 patA_5
[20:12:54] Fixed 3 duplicate /gene - dnaG_1 dnaG_2 dnaG_3
[20:12:54] Fixed 2 duplicate /gene - wbpA_1 wbpA_2
[20:12:54] Fixed 2 duplicate /gene - btuB_1 btuB_2
[20:12:54] Fixed 2 duplicate /gene - glmU_1 glmU_2
[20:12:54] Fixed 4 duplicate /gene - atoS_1 atoS_2 atoS_3 atoS_4
[20:12:54] Fixed 2 duplicate /gene - rpoA_1 rpoA_2
[20:12:54] Fixed 2 duplicate /gene - epsM_1 epsM_2
[20:12:54] Fixed 2 duplicate /gene - ansB_1 ansB_2
[20:12:54] Fixed 2 duplicate /gene - dxs_1 dxs_2
[20:12:54] Fixed 4 duplicate /gene - gcvH_1 gcvH_2 gcvH_3 gcvH_4
[20:12:54] Fixed 5 duplicate /gene - yccM_1 yccM_2 yccM_3 yccM_4 yccM_5
[20:12:54] Fixed 2 duplicate /gene - pepP_1 pepP_2
[20:12:54] Fixed 2 duplicate /gene - phoR_1 phoR_2
[20:12:54] Fixed 2 duplicate /gene - actP_1 actP_2
[20:12:54] Fixed 2 duplicate /gene - mutS_1 mutS_2
[20:12:54] Fixed 4 duplicate /gene - pbpE_1 pbpE_2 pbpE_3 pbpE_4
[20:12:54] Fixed 2 duplicate /gene - srrA_1 srrA_2
[20:12:54] Fixed 2 duplicate /gene - hacA_1 hacA_2
[20:12:54] Fixed 2 duplicate /gene - rgpA_1 rgpA_2
[20:12:54] Fixed 2 duplicate /gene - uppS_1 uppS_2
[20:12:54] Fixed 2 duplicate /gene - rapA_1 rapA_2
[20:12:54] Fixed 2 duplicate /gene - pimB_1 pimB_2
[20:12:54] Fixed 4 duplicate /gene - tolB_1 tolB_2 tolB_3 tolB_4
[20:12:54] Fixed 238 colliding /gene names.
[20:12:54] Adding /locus_tag identifiers
[20:12:54] Assigned 3496 locus_tags to CDS and RNA features.
[20:12:54] Writing outputs to project2/prokka_output/SaanichInlet_200m.129/
[20:12:56] Generating annotation statistics file
[20:12:56] Generating Genbank and Sequin files
[20:12:56] Running: tbl2asn -V b -a r10k -l paired-ends -M n -N 1 -y 'Annotated using prokka 1.13 from https://github.com/tseemann/prokka' -Z project2\/prokka_output\/SaanichInlet_200m\.129\/MAG129\.err -i project2\/prokka_output\/SaanichInlet_200m\.129\/MAG129\.fsa 2> /dev/null
[20:13:08] Deleting unwanted file: project2/prokka_output/SaanichInlet_200m.129/errorsummary.val
[20:13:08] Deleting unwanted file: project2/prokka_output/SaanichInlet_200m.129/MAG129.dr
[20:13:08] Deleting unwanted file: project2/prokka_output/SaanichInlet_200m.129/MAG129.fixedproducts
[20:13:08] Deleting unwanted file: project2/prokka_output/SaanichInlet_200m.129/MAG129.ecn
[20:13:08] Deleting unwanted file: project2/prokka_output/SaanichInlet_200m.129/MAG129.val
[20:13:08] Repairing broken .GBK output that tbl2asn produces...
[20:13:08] Running: sed 's/COORDINATES: profile/COORDINATES:profile/' < project2\/prokka_output\/SaanichInlet_200m\.129\/MAG129\.gbf > project2\/prokka_output\/SaanichInlet_200m\.129\/MAG129\.gbk
[20:13:09] Deleting unwanted file: project2/prokka_output/SaanichInlet_200m.129/MAG129.gbf
[20:13:09] Output files:
[20:13:09] project2/prokka_output/SaanichInlet_200m.129/MAG129.log
[20:13:09] project2/prokka_output/SaanichInlet_200m.129/MAG129.fna
[20:13:09] project2/prokka_output/SaanichInlet_200m.129/MAG129.gff
[20:13:09] project2/prokka_output/SaanichInlet_200m.129/MAG129.faa
[20:13:09] project2/prokka_output/SaanichInlet_200m.129/MAG129.ffn
[20:13:09] project2/prokka_output/SaanichInlet_200m.129/MAG129.tbl
[20:13:09] project2/prokka_output/SaanichInlet_200m.129/MAG129.fsa
[20:13:09] project2/prokka_output/SaanichInlet_200m.129/MAG129.tsv
[20:13:09] project2/prokka_output/SaanichInlet_200m.129/MAG129.txt
[20:13:09] project2/prokka_output/SaanichInlet_200m.129/MAG129.gbk
[20:13:09] project2/prokka_output/SaanichInlet_200m.129/MAG129.sqn
[20:13:09] project2/prokka_output/SaanichInlet_200m.129/MAG129.err
[20:13:09] Annotation finished successfully.
[20:13:09] Walltime used: 2.42 minutes
[20:13:09] If you use this result please cite the Prokka paper:
[20:13:09] Seemann T (2014) Prokka: rapid prokaryotic genome annotation. Bioinformatics. 30(14):2068-9.
[20:13:09] Type 'prokka --citation' for more details.
[20:13:09] Share and enjoy!
