[20:07:48] This is prokka 1.13
[20:07:48] Written by Torsten Seemann <torsten.seemann@gmail.com>
[20:07:48] Homepage is https://github.com/tseemann/prokka
[20:07:48] Local time is Fri Nov 16 20:07:48 2018
[20:07:48] You are linuxbrew
[20:07:48] Operating system is linux
[20:07:48] You have BioPerl 1.007002
[20:07:48] System has 40 cores.
[20:07:48] Will use maximum of 8 cores.
[20:07:48] Annotating as >>> Bacteria <<<
[20:07:48] Generating locus_tag from '/projects/micb405/resources/project_2/2018/SaanichInlet_200m/MetaBAT2_SaanichInlet_200m/MedQPlus_MAGs/SaanichInlet_200m.124.fa' contents.
[20:07:48] Setting --locustag MBEMIEPC from MD5 6be62e9c3e22ca56b5466b88375ef9fc
[20:07:48] Creating new output folder: project2/prokka_output/SaanichInlet_200m.124
[20:07:48] Running: mkdir -p project2\/prokka_output\/SaanichInlet_200m\.124
[20:07:48] Using filename prefix: MAG124.XXX
[20:07:48] Setting HMMER_NCPU=1
[20:07:48] Writing log to: project2/prokka_output/SaanichInlet_200m.124/MAG124.log
[20:07:48] Command: /home/linuxbrew/.linuxbrew/bin/prokka --kingdom Bacteria --outdir project2/prokka_output/SaanichInlet_200m.124 --force --prefix MAG124 --cpus 8 /projects/micb405/resources/project_2/2018/SaanichInlet_200m/MetaBAT2_SaanichInlet_200m/MedQPlus_MAGs/SaanichInlet_200m.124.fa
[20:07:48] Appending to PATH: /home/linuxbrew/.linuxbrew/Cellar/prokka/1.13/bin
[20:07:48] Looking for 'aragorn' - found /home/linuxbrew/.linuxbrew/bin/aragorn
[20:07:48] Determined aragorn version is 1.2
[20:07:48] Looking for 'barrnap' - found /home/linuxbrew/.linuxbrew/bin/barrnap
[20:07:48] Determined barrnap version is 0.9
[20:07:48] Looking for 'blastp' - found /home/linuxbrew/.linuxbrew/bin/blastp
[20:07:48] Determined blastp version is 2.7
[20:07:48] Looking for 'cmpress' - found /home/linuxbrew/.linuxbrew/bin/cmpress
[20:07:48] Determined cmpress version is 1.1
[20:07:48] Looking for 'cmscan' - found /home/linuxbrew/.linuxbrew/bin/cmscan
[20:07:49] Determined cmscan version is 1.1
[20:07:49] Looking for 'egrep' - found /bin/egrep
[20:07:49] Looking for 'find' - found /usr/bin/find
[20:07:49] Looking for 'grep' - found /bin/grep
[20:07:49] Looking for 'hmmpress' - found /home/linuxbrew/.linuxbrew/bin/hmmpress
[20:07:49] Determined hmmpress version is 3.1
[20:07:49] Looking for 'hmmscan' - found /home/linuxbrew/.linuxbrew/bin/hmmscan
[20:07:49] Determined hmmscan version is 3.1
[20:07:49] Looking for 'java' - found /home/linuxbrew/.linuxbrew/bin/java
[20:07:49] Looking for 'less' - found /home/linuxbrew/.linuxbrew/bin/less
[20:07:49] Looking for 'makeblastdb' - found /home/linuxbrew/.linuxbrew/bin/makeblastdb
[20:07:49] Determined makeblastdb version is 2.7
[20:07:49] Looking for 'minced' - found /home/linuxbrew/.linuxbrew/bin/minced
[20:07:49] Determined minced version is 3.0
[20:07:49] Looking for 'parallel' - found /home/linuxbrew/.linuxbrew/bin/parallel
[20:07:49] Determined parallel version is 20180822
[20:07:49] Looking for 'prodigal' - found /home/linuxbrew/.linuxbrew/bin/prodigal
[20:07:49] Determined prodigal version is 2.6
[20:07:49] Looking for 'prokka-genbank_to_fasta_db' - found /home/linuxbrew/.linuxbrew/bin/prokka-genbank_to_fasta_db
[20:07:49] Looking for 'rnammer' - found /home/linuxbrew/.linuxbrew/bin/rnammer
[20:07:49] Determined rnammer version is 1.2
[20:07:49] Looking for 'sed' - found /bin/sed
[20:07:49] Looking for 'tbl2asn' - found /home/linuxbrew/.linuxbrew/bin/tbl2asn
[20:07:49] Determined tbl2asn version is 25.6
[20:07:49] Using genetic code table 11.
[20:07:49] Loading and checking input file: /projects/micb405/resources/project_2/2018/SaanichInlet_200m/MetaBAT2_SaanichInlet_200m/MedQPlus_MAGs/SaanichInlet_200m.124.fa
[20:07:49] Wrote 518 contigs totalling 3021403 bp.
[20:07:49] Predicting tRNAs and tmRNAs
[20:07:49] Running: aragorn -l -gc11  -w project2\/prokka_output\/SaanichInlet_200m\.124\/MAG124\.fna
[20:07:50] 1 tRNA-Leu [8120,8206] 35 (cag)
[20:07:50] 1 tRNA-Met [11082,11158] 35 (cat)
[20:07:50] 1 tRNA-Met c[636,712] 35 (cat)
[20:07:51] 1 tmRNA [3278,3656] 96,128 ANDENYALAA*
[20:07:51] 1 tRNA-Ser c[409,496] 35 (tga)
[20:07:51] 1 tRNA-Thr [2286,2361] 34 (cgt)
[20:07:52] 1 tRNA-Ala c[4779,4854] 34 (tgc)
[20:07:52] 2 tRNA-Ile c[4906,4982] 35 (gat)
[20:07:52] 3 tRNA-Thr [6853,6928] 34 (tgt)
[20:07:53] 1 tRNA-Arg [423,499] 35 (tcg)
[20:07:53] 1 tRNA-Gly c[3921,3996] 34 (ccc)
[20:07:53] 1 tRNA-Gln c[6944,7019] 34 (ttg)
[20:07:53] 1 tRNA-Val c[246,322] 35 (gac)
[20:07:53] 2 tRNA-Asn [2703,2778] 34 (gtt)
[20:07:53] 1 tRNA-Arg [2254,2330] 35 (acg)
[20:07:53] 2 tRNA-Ser [2342,2432] 35 (gct)
[20:07:53] 1 tRNA-SeC c[9270,9363] 36 (tca)
[20:07:53] 1 tRNA-Asn [2708,2783] 34 (gtt)
[20:07:53] Found 18 tRNAs
[20:07:53] Predicting Ribosomal RNAs
[20:07:53] Running Barrnap with 8 threads
[20:07:54] 1 SaanichInlet_200m_124_460 5458 5S ribosomal RNA
[20:07:54] Found 1 rRNAs
[20:07:54] Skipping ncRNA search, enable with --rfam if desired.
[20:07:54] Total of 18 tRNA + rRNA features
[20:07:54] Searching for CRISPR repeats
[20:07:55] Found 0 CRISPRs
[20:07:55] Predicting coding sequences
[20:07:55] Contigs total 3021403 bp, so using single mode
[20:07:55] Running: prodigal -i project2\/prokka_output\/SaanichInlet_200m\.124\/MAG124\.fna -c -m -g 11 -p single -f sco -q
[20:08:00] Excluding CDS which overlaps existing RNA (tRNA) at SaanichInlet_200m_124_423:6943..7185 on + strand
[20:08:00] Excluding CDS which overlaps existing RNA (tRNA) at SaanichInlet_200m_124_476:2234..2473 on - strand
[20:08:00] Found 2788 CDS
[20:08:00] Connecting features back to sequences
[20:08:00] Not using genus-specific database. Try --usegenus to enable it.
[20:08:00] Annotating CDS, please be patient.
[20:08:00] Will use 8 CPUs for similarity searching.
[20:08:02] There are still 2788 unannotated CDS left (started with 2788)
[20:08:02] Will use blast to search against /home/linuxbrew/.linuxbrew/Cellar/prokka/1.13/bin/../db/kingdom/Bacteria/sprot with 8 CPUs
[20:08:02] Running: cat project2\/prokka_output\/SaanichInlet_200m\.124\/sprot\.faa | parallel --gnu --plain -j 8 --block 52192 --recstart '>' --pipe blastp -query - -db /home/linuxbrew/.linuxbrew/Cellar/prokka/1.13/bin/../db/kingdom/Bacteria/sprot -evalue 1e-06 -num_threads 1 -num_descriptions 1 -num_alignments 1 -seg no > project2\/prokka_output\/SaanichInlet_200m\.124\/sprot\.blast 2> /dev/null
[20:08:59] Modify product: UPF0073 inner membrane protein YqfA => hypothetical protein
[20:08:59] Modify product: Uncharacterized protein Rv1360 => putative protein
[20:08:59] Modify product: UPF0394 membrane protein XF_0766 => hypothetical protein
[20:08:59] Modify product: UPF0394 membrane protein XF_0765 => hypothetical protein
[20:08:59] Modify product: Probable polyketide biosynthesis zinc-dependent hydrolase BaeB => putative polyketide biosynthesis zinc-dependent hydrolase BaeB
[20:08:59] Modify product: Uncharacterized ABC transporter ATP-binding protein YlmA => putative ABC transporter ATP-binding protein YlmA
[20:08:59] Modify product: Probable enoyl-CoA hydratase echA8 => putative enoyl-CoA hydratase echA8
[20:08:59] Modify product: Uncharacterized protein YaeQ => putative protein YaeQ
[20:08:59] Modify product: Uncharacterized protein Rv0953c => putative protein
[20:08:59] Modify product: Uncharacterized protein Rv0953c => putative protein
[20:08:59] Modify product: Uncharacterized HTH-type transcriptional regulator SAR2349 => putative HTH-type transcriptional regulator
[20:08:59] Modify product: Acetyltransferase SACOL1063 => Acetyltransferase
[20:08:59] Modify product: Probable ribosomal oxygenase HI_0396 => putative ribosomal oxygenase
[20:08:59] Modify product: Probable phosphatase Rv3661 => putative phosphatase
[20:08:59] Modify product: Probable glycine dehydrogenase (decarboxylating) subunit 2 => putative glycine dehydrogenase (decarboxylating) subunit 2
[20:08:59] Modify product: Probable glycine dehydrogenase (decarboxylating) subunit 1 => putative glycine dehydrogenase (decarboxylating) subunit 1
[20:08:59] Modify product: UPF0761 membrane protein YihY => hypothetical protein
[20:08:59] Modify product: Uncharacterized protein YfgD => putative protein YfgD
[20:08:59] Modify product: Monocarboxylate 2-oxoacid-binding periplasmic protein all3028 => Monocarboxylate 2-oxoacid-binding periplasmic protein
[20:08:59] Modify product: Uncharacterized protein Rv0953c => putative protein
[20:08:59] Modify product: UPF0701 protein HI_0467 => hypothetical protein
[20:08:59] Modify product: Putative 2-hydroxyacid dehydrogenase HI_1556 => Putative 2-hydroxyacid dehydrogenase
[20:08:59] Modify product: Probable peptidyl-prolyl cis-trans isomerase => putative peptidyl-prolyl cis-trans isomerase
[20:08:59] Modify product: Uncharacterized protein Rv1360 => putative protein
[20:08:59] Modify product: Universal stress protein A homolog 2 => Universal stress protein A 
[20:08:59] Modify product: Uncharacterized protein YciO => putative protein YciO
[20:08:59] Modify product: Probable intracellular septation protein A => putative intracellular septation protein A
[20:08:59] Modify product: Uncharacterized protein YciH => putative protein YciH
[20:08:59] Modify product: Uncharacterized oxidoreductase Rv2750 => putative oxidoreductase
[20:08:59] Modify product: Uncharacterized oxidoreductase Rv0927c => putative oxidoreductase
[20:08:59] Modify product: Probable zinc-binding alcohol dehydrogenase Rv1895 => putative zinc-binding alcohol dehydrogenase
[20:08:59] Modify product: Putative short-chain type dehydrogenase/reductase Rv0148 => Putative short-chain type dehydrogenase/reductase
[20:08:59] Modify product: Probable cyclic di-GMP phosphodiesterase VC_1348 => putative cyclic di-GMP phosphodiesterase
[20:08:59] Modify product: Probable dipeptidase PepE => putative dipeptidase PepE
[20:09:00] Modify product: DNA-binding protein VF_0530 => DNA-binding protein
[20:09:00] Modify product: Uncharacterized protein YbbN => putative protein YbbN
[20:09:00] Modify product: Probable phosphite transport system-binding protein PtxB => putative phosphite transport system-binding protein PtxB
[20:09:00] Modify product: Probable phospholipid-binding lipoprotein MlaA => putative phospholipid-binding lipoprotein MlaA
[20:09:00] Modify product: Uncharacterized protein Rv0940c => putative protein
[20:09:00] Modify product: Uncharacterized oxidoreductase Rv1350 => putative oxidoreductase
[20:09:00] Modify product: Probable L-galactonate transporter => putative L-galactonate transporter
[20:09:00] Modify product: Putative O-phosphotransferase Rv2636 => Putative O-phosphotransferase
[20:09:00] Modify product: Uncharacterized methyltransferase Rv3342 => putative methyltransferase
[20:09:00] Modify product: Uncharacterized protein YisK => putative protein YisK
[20:09:00] Modify product: Uncharacterized protein Rv1367c => putative protein
[20:09:00] Modify product: Uncharacterized HTH-type transcriptional regulator Rv1556 => putative HTH-type transcriptional regulator
[20:09:00] Modify product: Uncharacterized protein Rv0953c => putative protein
[20:09:00] Modify product: Probable HTH-type transcriptional regulator YttP => putative HTH-type transcriptional regulator YttP
[20:09:00] Modify product: Uncharacterized protein Rv0940c => putative protein
[20:09:00] Modify product: Uncharacterized HTH-type transcriptional regulator Rv1395 => putative HTH-type transcriptional regulator
[20:09:00] Modify product: Uncharacterized protein Rv3633 => putative protein
[20:09:00] Modify product: UPF0270 protein PA3463 => hypothetical protein
[20:09:00] Modify product: Probable FAD-dependent oxidoreductase PA4991 => putative FAD-dependent oxidoreductase
[20:09:00] Modify product: Uncharacterized protein Rv2915c => putative protein
[20:09:00] Modify product: Uncharacterized oxidoreductase SA2266 => putative oxidoreductase
[20:09:00] Modify product: Uncharacterized protein Rv0940c => putative protein
[20:09:00] Modify product: Uncharacterized protein Rv0940c => putative protein
[20:09:00] Modify product: Probable FMN/FAD exporter YeeO => putative FMN/FAD exporter YeeO
[20:09:00] Modify product: UPF0145 protein YbjQ => hypothetical protein
[20:09:00] Modify product: Uncharacterized protein Rv2715 => putative protein
[20:09:00] Modify product: Cytochrome b561 homolog 2 => Cytochrome b561 
[20:09:00] Modify product: F420H(2)-dependent quinone reductase Rv1558 => F420H(2)-dependent quinone reductase
[20:09:00] Modify product: Probable sphingosine-1-phosphate lyase => putative sphingosine-1-phosphate lyase
[20:09:00] Modify product: Uncharacterized oxidoreductase YjmC => putative oxidoreductase YjmC
[20:09:00] Modify product: HTH-type transcriptional repressor Rv3405c => HTH-type transcriptional repressor
[20:09:00] Modify product: UPF0394 membrane protein XF_0765 => hypothetical protein
[20:09:00] Modify product: UPF0394 membrane protein XF_0766 => hypothetical protein
[20:09:00] Modify product: Putative metallophosphoesterase MG207 homolog => Putative metallophosphoesterase MG207 
[20:09:00] Modify product: Uncharacterized protein Rv2915c => putative protein
[20:09:00] Modify product: Probable succinyl-diaminopimelate desuccinylase => putative succinyl-diaminopimelate desuccinylase
[20:09:00] Modify product: Uncharacterized protein YqeY => putative protein YqeY
[20:09:01] Modify product: Uncharacterized protein Rv3633 => putative protein
[20:09:01] Modify product: Putative acyltransferase Rv0859 => Putative acyltransferase
[20:09:01] Modify product: Uncharacterized protein Rv3633 => putative protein
[20:09:01] Modify product: Putative coenzyme F420-dependent oxidoreductase Rv3520c => Putative coenzyme F420-dependent oxidoreductase
[20:09:01] Modify product: Stringent starvation protein B homolog => Stringent starvation protein B 
[20:09:01] Modify product: Uncharacterized symporter YjmB => putative symporter YjmB
[20:09:01] Modify product: Uncharacterized oxidoreductase SA2266 => putative oxidoreductase
[20:09:01] Modify product: Phosphorylated carbohydrates phosphatase TM_1254 => Phosphorylated carbohydrates phosphatase
[20:09:01] Modify product: Uncharacterized protein Rv0953c => putative protein
[20:09:01] Modify product: Uncharacterized protein Rv3633 => putative protein
[20:09:01] Modify product: Probable TonB-dependent receptor NMB0964 => putative TonB-dependent receptor
[20:09:01] Modify product: Bifunctional protein FolD => Bifunctional protein FolD protein
[20:09:01] Modify product: Uncharacterized protein PA0049 => putative protein
[20:09:01] Modify product: Putative monooxygenase Rv1533 => Putative monooxygenase
[20:09:01] Modify product: Probable chromosome-partitioning protein ParB => putative chromosome-partitioning protein ParB
[20:09:01] Modify product: Pentapeptide repeat protein VPA0095 => Pentapeptide repeat protein
[20:09:01] Modify product: Uncharacterized protein Rv3633 => putative protein
[20:09:01] Modify product: Putative peroxiredoxin Rv2521 => Putative peroxiredoxin
[20:09:01] Modify product: Uncharacterized protein Rv3633 => putative protein
[20:09:01] Modify product: Probable CoA-transferase Rv1866 => putative CoA-transferase
[20:09:01] Modify product: Putative trans-acting enoyl reductase Rv2449c => Putative trans-acting enoyl reductase
[20:09:01] Modify product: UPF0225 protein YchJ => hypothetical protein
[20:09:01] Modify product: Putative coenzyme F420-dependent oxidoreductase Rv3520c => Putative coenzyme F420-dependent oxidoreductase
[20:09:01] Modify product: Aldo/keto reductase slr0942 => Aldo/keto reductase
[20:09:01] Modify product: Uncharacterized protein Rv2913c => putative protein
[20:09:01] Modify product: Uncharacterized oxidoreductase Rv1144 => putative oxidoreductase
[20:09:01] Modify product: UPF0149 protein HI_0817 => hypothetical protein
[20:09:01] Modify product: Probable enoyl-CoA hydratase 1 => putative enoyl-CoA hydratase 1
[20:09:01] Modify product: Probable L-galactonate transporter => putative L-galactonate transporter
[20:09:01] Modify product: UPF0301 protein AlgH => hypothetical protein
[20:09:01] Modify product: Uncharacterized protein HI_1082 => putative protein
[20:09:01] Modify product: Probable cation efflux system protein Rv2025c => putative cation efflux system protein
[20:09:01] Modify product: Uncharacterized protein HI_0933 => putative protein
[20:09:01] Modify product: Uncharacterized protein Rv0940c => putative protein
[20:09:01] Modify product: Uncharacterized protein Rv2913c => putative protein
[20:09:01] Modify product: Probable enoyl-CoA hydratase 1 => putative enoyl-CoA hydratase 1
[20:09:01] Modify product: Protease HtpX homolog => Protease HtpX 
[20:09:02] Modify product: Probable GTP-binding protein EngB => putative GTP-binding protein EngB
[20:09:02] Modify product: Virulence protein STM3117 => Virulence protein
[20:09:02] Modify product: Uncharacterized N-acetyltransferase YsnE => putative N-acetyltransferase YsnE
[20:09:02] Modify product: Uncharacterized protein Rv3633 => putative protein
[20:09:02] Modify product: Probable succinyl-diaminopimelate desuccinylase => putative succinyl-diaminopimelate desuccinylase
[20:09:02] Modify product: Probable acyl-CoA dehydrogenase fadE25 => putative acyl-CoA dehydrogenase fadE25
[20:09:02] Modify product: Probable outer membrane usher protein EcpC => putative outer membrane usher protein EcpC
[20:09:02] Modify product: Uncharacterized oxidoreductase SA2266 => putative oxidoreductase
[20:09:02] Modify product: Putative multidrug export ATP-binding/permease protein SA1683 => Putative multidrug export ATP-binding/permease protein
[20:09:02] Modify product: Uncharacterized ABC transporter ATP-binding protein TM_0288 => putative ABC transporter ATP-binding protein
[20:09:02] Modify product: Sulfurtransferase Alvin_2599 => Sulfurtransferase
[20:09:02] Modify product: Solute-binding protein Bamb_6123 => Solute-binding protein
[20:09:02] Modify product: Probable bifunctional transcriptional activator/DNA repair enzyme AlkA => putative bifunctional transcriptional activator/DNA repair enzyme AlkA
[20:09:02] Modify product: Uncharacterized protein Rv1360 => putative protein
[20:09:02] Modify product: UPF0434 protein BB2007 => hypothetical protein
[20:09:02] Modify product: UPF0176 protein lpg2838 => hypothetical protein
[20:09:02] Modify product: Uncharacterized protein Rv2913c => putative protein
[20:09:02] Modify product: Uncharacterized oxidoreductase YhhX => putative oxidoreductase YhhX
[20:09:02] Modify product: Putative multidrug export ATP-binding/permease protein SA1683 => Putative multidrug export ATP-binding/permease protein
[20:09:02] Modify product: Uncharacterized ABC transporter ATP-binding protein TM_0288 => putative ABC transporter ATP-binding protein
[20:09:02] Modify product: Uncharacterized protein Rv1360 => putative protein
[20:09:02] Modify product: UPF0758 protein YsxA => hypothetical protein
[20:09:02] Modify product: UPF0382 membrane protein YwdK => hypothetical protein
[20:09:02] Modify product: Uncharacterized protein Rv0953c => putative protein
[20:09:02] Modify product: HTH-type transcriptional regulator Rv2034 => HTH-type transcriptional regulator
[20:09:02] Modify product: Probable sulfoacetate transporter SauU => putative sulfoacetate transporter SauU
[20:09:02] Modify product: Uncharacterized SURF1-like protein Rv2235 => putative SURF1-like protein
[20:09:02] Modify product: UPF0246 protein YaaA => hypothetical protein
[20:09:02] Modify product: Uncharacterized ABC transporter ATP-binding protein YxlF => putative ABC transporter ATP-binding protein YxlF
[20:09:02] Modify product: Probable bifunctional transcriptional activator/DNA repair enzyme AlkA => putative bifunctional transcriptional activator/DNA repair enzyme AlkA
[20:09:02] Modify product: Uncharacterized oxidoreductase YciK => putative oxidoreductase YciK
[20:09:02] Modify product: Bifunctional protein FolD => Bifunctional protein FolD protein
[20:09:02] Modify product: Uncharacterized protein Rv2913c => putative protein
[20:09:02] Modify product: Putative acyltransferase Rv0859 => Putative acyltransferase
[20:09:02] Modify product: Uncharacterized protein Rv3633 => putative protein
[20:09:02] Modify product: Probable NAD-dependent malic enzyme 2 => putative NAD-dependent malic enzyme 2
[20:09:02] Modify product: Probable tRNA-dihydrouridine synthase => putative tRNA-dihydrouridine synthase
[20:09:03] Modify product: Uncharacterized protein Rv3633 => putative protein
[20:09:03] Modify product: Probable L-galactonate transporter => putative L-galactonate transporter
[20:09:03] Modify product: Riboflavin biosynthesis protein VVA0006 => Riboflavin biosynthesis protein
[20:09:03] Modify product: Uncharacterized oxidoreductase YjmC => putative oxidoreductase YjmC
[20:09:03] Modify product: Putative coenzyme F420-dependent oxidoreductase Rv3520c => Putative coenzyme F420-dependent oxidoreductase
[20:09:03] Modify product: Probable 2,4-dienoyl-CoA reductase => putative 2,4-dienoyl-CoA reductase
[20:09:03] Modify product: Uncharacterized protein Rv0953c => putative protein
[20:09:03] Modify product: Probable ATP-dependent helicase DinG homolog => putative ATP-dependent helicase DinG 
[20:09:03] Modify product: Uncharacterized protein Rv2915c => putative protein
[20:09:03] Modify product: Probable glucarate transporter => putative glucarate transporter
[20:09:03] Modify product: Putative short-chain type dehydrogenase/reductase Rv0148 => Putative short-chain type dehydrogenase/reductase
[20:09:03] Modify product: Probable M18 family aminopeptidase 2 => putative M18 family aminopeptidase 2
[20:09:03] Modify product: Probable alcohol dehydrogenase adh => putative alcohol dehydrogenase adh
[20:09:03] Modify product: Putative esterase HI_1161 => Putative esterase
[20:09:03] Modify product: Probable ABC transporter-binding protein DR_1571 => putative ABC transporter-binding protein
[20:09:03] Modify product: Uncharacterized HTH-type transcriptional regulator Rv2912c => putative HTH-type transcriptional regulator
[20:09:03] Modify product: Uncharacterized MFS-type transporter YhjX => putative MFS-type transporter YhjX
[20:09:03] Modify product: Peroxiredoxin sll1621 => Peroxiredoxin
[20:09:03] Modify product: Uncharacterized protein HI_0755 => putative protein
[20:09:03] Modify product: Uncharacterized protein Rv2915c => putative protein
[20:09:03] Modify product: Uncharacterized protein Rv2411c => putative protein
[20:09:03] Modify product: Uncharacterized protein Rv2569c => putative protein
[20:09:03] Modify product: Putative transport protein Rv0205 => Putative transport protein
[20:09:03] Modify product: Probable multidrug ABC transporter ATP-binding protein YbhF => putative multidrug ABC transporter ATP-binding protein YbhF
[20:09:03] Modify product: Putative formate dehydrogenase SA2102 => Putative formate dehydrogenase
[20:09:03] Modify product: RNA-binding protein HI_1333 => RNA-binding protein
[20:09:03] Modify product: Probable L-galactonate transporter => putative L-galactonate transporter
[20:09:03] Modify product: Uncharacterized protein NMB0928 => putative protein
[20:09:03] Modify product: Putative acyltransferase Rv0859 => Putative acyltransferase
[20:09:03] Modify product: Probable ATP-dependent helicase DinG => putative ATP-dependent helicase DinG
[20:09:04] Modify product: Uncharacterized methyltransferase YcgJ => putative methyltransferase YcgJ
[20:09:04] Modify product: Uncharacterized protein NMB1327 => putative protein
[20:09:04] Modify product: Uncharacterized ABC transporter ATP-binding protein YheS => putative ABC transporter ATP-binding protein YheS
[20:09:04] Modify product: Uncharacterized signaling protein PA1727 => putative signaling protein
[20:09:04] Modify product: Uncharacterized protein Rv2915c => putative protein
[20:09:04] Modify product: Uncharacterized protein YibN => putative protein YibN
[20:09:04] Modify product: Uncharacterized protein Rv0897c => putative protein
[20:09:04] Modify product: Uncharacterized sugar epimerase YhfK => putative sugar epimerase YhfK
[20:09:04] Modify product: Uncharacterized protein Rv2910c => putative protein
[20:09:04] Modify product: Uncharacterized GST-like protein YibF => putative GST-like protein YibF
[20:09:04] Modify product: Uncharacterized glycosyltransferase sll0501 => putative glycosyltransferase
[20:09:04] Modify product: Putative CoA-transferase subunit alpha Rv3551 => Putative CoA-transferase subunit alpha
[20:09:04] Modify product: Putative CoA-transferase subunit beta Rv3552 => Putative CoA-transferase subunit beta
[20:09:04] Modify product: Probable enoyl-CoA hydratase echA8 => putative enoyl-CoA hydratase echA8
[20:09:04] Modify product: Fanconi-associated nuclease 1 homolog => Fanconi-associated nuclease 1 
[20:09:04] Modify product: Uncharacterized HTH-type transcriptional regulator Rv3095 => putative HTH-type transcriptional regulator
[20:09:04] Modify product: Uncharacterized protein Rv0940c => putative protein
[20:09:04] Modify product: Uncharacterized protein Rv1367c => putative protein
[20:09:04] Modify product: Probable RNA polymerase sigma factor FecI => putative RNA polymerase sigma factor FecI
[20:09:04] Modify product: Probable lipid II flippase MurJ => putative lipid II flippase MurJ
[20:09:04] Modify product: UPF0111 protein HI_1603 => hypothetical protein
[20:09:04] Modify product: Uncharacterized protein Rv2913c => putative protein
[20:09:04] Modify product: Uncharacterized protein Rv1501 => putative protein
[20:09:04] Modify product: Probable propionyl-CoA carboxylase beta chain 5 => putative propionyl-CoA carboxylase beta chain 5
[20:09:04] Modify product: Probable type II secretion system protein HxcR => putative type II secretion system protein HxcR
[20:09:04] Modify product: Uncharacterized oxidoreductase Rv1350 => putative oxidoreductase
[20:09:04] Modify product: Probable enoyl-CoA hydratase 1 => putative enoyl-CoA hydratase 1
[20:09:04] Modify product: Uncharacterized protein Rv2913c => putative protein
[20:09:04] Modify product: Probable enoyl-CoA hydratase echA8 => putative enoyl-CoA hydratase echA8
[20:09:04] Modify product: Probable enoyl-CoA hydratase echA8 => putative enoyl-CoA hydratase echA8
[20:09:04] Cleaned 205 /product names
[20:09:04] Deleting unwanted file: project2/prokka_output/SaanichInlet_200m.124/sprot.faa
[20:09:04] Deleting unwanted file: project2/prokka_output/SaanichInlet_200m.124/sprot.blast
[20:09:05] There are still 1081 unannotated CDS left (started with 2788)
[20:09:05] Will use hmmer3 to search against /home/linuxbrew/.linuxbrew/Cellar/prokka/1.13/bin/../db/hmm/HAMAP.hmm with 8 CPUs
[20:09:05] Running: cat project2\/prokka_output\/SaanichInlet_200m\.124\/HAMAP\.hmm\.faa | parallel --gnu --plain -j 8 --block 15146 --recstart '>' --pipe hmmscan --noali --notextw --acc -E 1e-06 --cpu 1 /home/linuxbrew/.linuxbrew/Cellar/prokka/1.13/bin/../db/hmm/HAMAP.hmm /dev/stdin > project2\/prokka_output\/SaanichInlet_200m\.124\/HAMAP\.hmm\.hmmer3 2> /dev/null
[20:09:30] Modify product: Uncharacterized MFS-type transporter YcaD => putative MFS-type transporter YcaD
[20:09:30] Modify product: Uncharacterized Nudix hydrolase NudL => putative Nudix hydrolase NudL
[20:09:30] Modify product: Uncharacterized Nudix hydrolase NudL => putative Nudix hydrolase NudL
[20:09:30] Cleaned 3 /product names
[20:09:30] Deleting unwanted file: project2/prokka_output/SaanichInlet_200m.124/HAMAP.hmm.faa
[20:09:30] Deleting unwanted file: project2/prokka_output/SaanichInlet_200m.124/HAMAP.hmm.hmmer3
[20:09:30] Labelling remaining 1004 proteins as 'hypothetical protein'
[20:09:30] Possible /pseudo '3-deoxy-D-manno-octulosonic acid kinase' at SaanichInlet_200m_124_15 position 9508
[20:09:30] Possible /pseudo 'N-substituted formamide deformylase' at SaanichInlet_200m_124_22 position 8392
[20:09:30] Possible /pseudo 'Beta sliding clamp' at SaanichInlet_200m_124_25 position 9738
[20:09:30] Possible /pseudo 'Fimbrial protein' at SaanichInlet_200m_124_175 position 1781
[20:09:30] Possible /pseudo 'Transcriptional regulatory protein WalR' at SaanichInlet_200m_124_202 position 3929
[20:09:30] Possible /pseudo 'putative protein' at SaanichInlet_200m_124_254 position 6495
[20:09:30] Possible /pseudo 'Protein LemA' at SaanichInlet_200m_124_255 position 720
[20:09:30] Possible /pseudo 'putative protein' at SaanichInlet_200m_124_496 position 4345
[20:09:30] Possible /pseudo 'putative enoyl-CoA hydratase echA8' at SaanichInlet_200m_124_515 position 2939
[20:09:30] Found 1199 unique /gene codes.
[20:09:30] Fixed 2 duplicate /gene - scpA_1 scpA_2
[20:09:30] Fixed 2 duplicate /gene - xecE_1 xecE_2
[20:09:30] Fixed 2 duplicate /gene - metH_1 metH_2
[20:09:30] Fixed 4 duplicate /gene - echA8_1 echA8_2 echA8_3 echA8_4
[20:09:30] Fixed 2 duplicate /gene - yjiB_1 yjiB_2
[20:09:30] Fixed 2 duplicate /gene - hdhA_1 hdhA_2
[20:09:30] Fixed 2 duplicate /gene - lolE_1 lolE_2
[20:09:30] Fixed 2 duplicate /gene - motB_1 motB_2
[20:09:30] Fixed 2 duplicate /gene - dcmA_1 dcmA_2
[20:09:30] Fixed 2 duplicate /gene - yfcG_1 yfcG_2
[20:09:30] Fixed 2 duplicate /gene - uvrB_1 uvrB_2
[20:09:30] Fixed 2 duplicate /gene - dmlR_1 dmlR_2
[20:09:30] Fixed 2 duplicate /gene - rpmB_1 rpmB_2
[20:09:30] Fixed 2 duplicate /gene - cph2_1 cph2_2
[20:09:30] Fixed 2 duplicate /gene - limA_1 limA_2
[20:09:30] Fixed 2 duplicate /gene - dinG_1 dinG_2
[20:09:30] Fixed 2 duplicate /gene - oprF_1 oprF_2
[20:09:30] Fixed 2 duplicate /gene - hapE_1 hapE_2
[20:09:30] Fixed 4 duplicate /gene - lgoT_1 lgoT_2 lgoT_3 lgoT_4
[20:09:30] Fixed 2 duplicate /gene - betI_1 betI_2
[20:09:30] Fixed 2 duplicate /gene - fccB_1 fccB_2
[20:09:30] Fixed 2 duplicate /gene - hfq_1 hfq_2
[20:09:30] Fixed 5 duplicate /gene - aam_1 aam_2 aam_3 aam_4 aam_5
[20:09:30] Fixed 3 duplicate /gene - ubiG_1 ubiG_2 ubiG_3
[20:09:30] Fixed 16 duplicate /gene - fabG_1 fabG_2 fabG_3 fabG_4 fabG_5 fabG_6 fabG_7 fabG_8 fabG_9 fabG_10 fabG_11 fabG_12 fabG_13 fabG_14 fabG_15 fabG_16
[20:09:30] Fixed 4 duplicate /gene - curA_1 curA_2 curA_3 curA_4
[20:09:30] Fixed 2 duplicate /gene - yjcS_1 yjcS_2
[20:09:30] Fixed 4 duplicate /gene - antA_1 antA_2 antA_3 antA_4
[20:09:30] Fixed 2 duplicate /gene - cpdA_1 cpdA_2
[20:09:30] Fixed 2 duplicate /gene - rutR_1 rutR_2
[20:09:30] Fixed 4 duplicate /gene - bbsG_1 bbsG_2 bbsG_3 bbsG_4
[20:09:30] Fixed 4 duplicate /gene - dapE_1 dapE_2 dapE_3 dapE_4
[20:09:30] Fixed 2 duplicate /gene - estB_1 estB_2
[20:09:30] Fixed 2 duplicate /gene - nudL_1 nudL_2
[20:09:30] Fixed 2 duplicate /gene - yicJ_1 yicJ_2
[20:09:30] Fixed 2 duplicate /gene - tas_1 tas_2
[20:09:30] Fixed 2 duplicate /gene - tag_1 tag_2
[20:09:30] Fixed 2 duplicate /gene - cetB_1 cetB_2
[20:09:30] Fixed 6 duplicate /gene - yfdE_1 yfdE_2 yfdE_3 yfdE_4 yfdE_5 yfdE_6
[20:09:30] Fixed 2 duplicate /gene - hcaE_1 hcaE_2
[20:09:30] Fixed 3 duplicate /gene - ubiE_1 ubiE_2 ubiE_3
[20:09:30] Fixed 4 duplicate /gene - bacC_1 bacC_2 bacC_3 bacC_4
[20:09:30] Fixed 3 duplicate /gene - sadH_1 sadH_2 sadH_3
[20:09:30] Fixed 2 duplicate /gene - trpS_1 trpS_2
[20:09:30] Fixed 2 duplicate /gene - kdkA_1 kdkA_2
[20:09:30] Fixed 3 duplicate /gene - kduD_1 kduD_2 kduD_3
[20:09:30] Fixed 3 duplicate /gene - mmgC_1 mmgC_2 mmgC_3
[20:09:30] Fixed 2 duplicate /gene - lon_1 lon_2
[20:09:30] Fixed 3 duplicate /gene - yagG_1 yagG_2 yagG_3
[20:09:30] Fixed 2 duplicate /gene - gdhI_1 gdhI_2
[20:09:30] Fixed 4 duplicate /gene - btuB_1 btuB_2 btuB_3 btuB_4
[20:09:30] Fixed 2 duplicate /gene - rdpA_1 rdpA_2
[20:09:30] Fixed 2 duplicate /gene - ipuC_1 ipuC_2
[20:09:30] Fixed 2 duplicate /gene - gltB_1 gltB_2
[20:09:30] Fixed 3 duplicate /gene - slmA_1 slmA_2 slmA_3
[20:09:30] Fixed 3 duplicate /gene - crtI_1 crtI_2 crtI_3
[20:09:30] Fixed 2 duplicate /gene - oppD_1 oppD_2
[20:09:30] Fixed 2 duplicate /gene - ntrC_1 ntrC_2
[20:09:30] Fixed 2 duplicate /gene - bbsF_1 bbsF_2
[20:09:30] Fixed 2 duplicate /gene - ephA_1 ephA_2
[20:09:30] Fixed 2 duplicate /gene - cckA_1 cckA_2
[20:09:30] Fixed 3 duplicate /gene - cirA_1 cirA_2 cirA_3
[20:09:30] Fixed 2 duplicate /gene - dag_1 dag_2
[20:09:30] Fixed 3 duplicate /gene - lepB_1 lepB_2 lepB_3
[20:09:30] Fixed 2 duplicate /gene - thrB_1 thrB_2
[20:09:30] Fixed 3 duplicate /gene - dsbD_1 dsbD_2 dsbD_3
[20:09:30] Fixed 2 duplicate /gene - oppF_1 oppF_2
[20:09:30] Fixed 4 duplicate /gene - mdtA_1 mdtA_2 mdtA_3 mdtA_4
[20:09:30] Fixed 3 duplicate /gene - apbE_1 apbE_2 apbE_3
[20:09:30] Fixed 2 duplicate /gene - iorB_1 iorB_2
[20:09:30] Fixed 3 duplicate /gene - hsaA_1 hsaA_2 hsaA_3
[20:09:30] Fixed 2 duplicate /gene - argD_1 argD_2
[20:09:30] Fixed 2 duplicate /gene - pyrE_1 pyrE_2
[20:09:30] Fixed 3 duplicate /gene - ade_1 ade_2 ade_3
[20:09:30] Fixed 2 duplicate /gene - alsT_1 alsT_2
[20:09:30] Fixed 10 duplicate /gene - fyuA_1 fyuA_2 fyuA_3 fyuA_4 fyuA_5 fyuA_6 fyuA_7 fyuA_8 fyuA_9 fyuA_10
[20:09:30] Fixed 3 duplicate /gene - exuT_1 exuT_2 exuT_3
[20:09:30] Fixed 2 duplicate /gene - pyrR_1 pyrR_2
[20:09:30] Fixed 2 duplicate /gene - nylB_1 nylB_2
[20:09:30] Fixed 2 duplicate /gene - dctM_1 dctM_2
[20:09:30] Fixed 4 duplicate /gene - iolS_1 iolS_2 iolS_3 iolS_4
[20:09:30] Fixed 2 duplicate /gene - nupX_1 nupX_2
[20:09:30] Fixed 2 duplicate /gene - fadA5_1 fadA5_2
[20:09:30] Fixed 2 duplicate /gene - rppH_1 rppH_2
[20:09:30] Fixed 2 duplicate /gene - acsA_1 acsA_2
[20:09:30] Fixed 2 duplicate /gene - otemo_1 otemo_2
[20:09:30] Fixed 2 duplicate /gene - coxM_1 coxM_2
[20:09:30] Fixed 2 duplicate /gene - aroA_1 aroA_2
[20:09:30] Fixed 2 duplicate /gene - sglT_1 sglT_2
[20:09:30] Fixed 2 duplicate /gene - dppE_1 dppE_2
[20:09:30] Fixed 2 duplicate /gene - recF_1 recF_2
[20:09:30] Fixed 2 duplicate /gene - yabJ_1 yabJ_2
[20:09:30] Fixed 2 duplicate /gene - iolG_1 iolG_2
[20:09:30] Fixed 2 duplicate /gene - pupA_1 pupA_2
[20:09:30] Fixed 2 duplicate /gene - fadD3_1 fadD3_2
[20:09:30] Fixed 4 duplicate /gene - gstB_1 gstB_2 gstB_3 gstB_4
[20:09:30] Fixed 2 duplicate /gene - acoA_1 acoA_2
[20:09:30] Fixed 2 duplicate /gene - gloB_1 gloB_2
[20:09:30] Fixed 2 duplicate /gene - gltA_1 gltA_2
[20:09:30] Fixed 4 duplicate /gene - alkJ_1 alkJ_2 alkJ_3 alkJ_4
[20:09:30] Fixed 2 duplicate /gene - dnaN_1 dnaN_2
[20:09:30] Fixed 6 duplicate /gene - yeaW_1 yeaW_2 yeaW_3 yeaW_4 yeaW_5 yeaW_6
[20:09:30] Fixed 2 duplicate /gene - creB_1 creB_2
[20:09:30] Fixed 3 duplicate /gene - accC_1 accC_2 accC_3
[20:09:30] Fixed 2 duplicate /gene - efe_1 efe_2
[20:09:30] Fixed 2 duplicate /gene - spuC_1 spuC_2
[20:09:30] Fixed 3 duplicate /gene - nudC_1 nudC_2 nudC_3
[20:09:30] Fixed 2 duplicate /gene - ytrE_1 ytrE_2
[20:09:30] Fixed 2 duplicate /gene - virS_1 virS_2
[20:09:30] Fixed 3 duplicate /gene - gcvT_1 gcvT_2 gcvT_3
[20:09:30] Fixed 2 duplicate /gene - ogt_1 ogt_2
[20:09:30] Fixed 4 duplicate /gene - pamO_1 pamO_2 pamO_3 pamO_4
[20:09:30] Fixed 3 duplicate /gene - mdtK_1 mdtK_2 mdtK_3
[20:09:30] Fixed 2 duplicate /gene - tgpA_1 tgpA_2
[20:09:30] Fixed 2 duplicate /gene - paaG_1 paaG_2
[20:09:30] Fixed 3 duplicate /gene - swrC_1 swrC_2 swrC_3
[20:09:30] Fixed 3 duplicate /gene - ydaF_1 ydaF_2 ydaF_3
[20:09:30] Fixed 2 duplicate /gene - xerD_1 xerD_2
[20:09:30] Fixed 2 duplicate /gene - yliI_1 yliI_2
[20:09:30] Fixed 2 duplicate /gene - fur_1 fur_2
[20:09:30] Fixed 2 duplicate /gene - dmg_1 dmg_2
[20:09:30] Fixed 2 duplicate /gene - luxA_1 luxA_2
[20:09:30] Fixed 2 duplicate /gene - pheA_1 pheA_2
[20:09:30] Fixed 2 duplicate /gene - rpmG_1 rpmG_2
[20:09:30] Fixed 4 duplicate /gene - pccB_1 pccB_2 pccB_3 pccB_4
[20:09:30] Fixed 2 duplicate /gene - atoC_1 atoC_2
[20:09:30] Fixed 3 duplicate /gene - trmB_1 trmB_2 trmB_3
[20:09:30] Fixed 2 duplicate /gene - flhA_1 flhA_2
[20:09:30] Fixed 2 duplicate /gene - betA_1 betA_2
[20:09:30] Fixed 2 duplicate /gene - folD_1 folD_2
[20:09:30] Fixed 7 duplicate /gene - nfdA_1 nfdA_2 nfdA_3 nfdA_4 nfdA_5 nfdA_6 nfdA_7
[20:09:30] Fixed 3 duplicate /gene - pomA_1 pomA_2 pomA_3
[20:09:30] Fixed 3 duplicate /gene - bepA_1 bepA_2 bepA_3
[20:09:30] Fixed 2 duplicate /gene - pkn1_1 pkn1_2
[20:09:30] Fixed 2 duplicate /gene - cntA_1 cntA_2
[20:09:30] Fixed 2 duplicate /gene - ycnE_1 ycnE_2
[20:09:30] Fixed 2 duplicate /gene - epsF_1 epsF_2
[20:09:30] Fixed 2 duplicate /gene - abo_1 abo_2
[20:09:30] Fixed 2 duplicate /gene - pnbA_1 pnbA_2
[20:09:30] Fixed 4 duplicate /gene - tauD_1 tauD_2 tauD_3 tauD_4
[20:09:30] Fixed 2 duplicate /gene - truA_1 truA_2
[20:09:30] Fixed 2 duplicate /gene - prmA_1 prmA_2
[20:09:30] Fixed 2 duplicate /gene - opuE_1 opuE_2
[20:09:30] Fixed 2 duplicate /gene - argK_1 argK_2
[20:09:30] Fixed 3 duplicate /gene - mexB_1 mexB_2 mexB_3
[20:09:30] Fixed 2 duplicate /gene - resE_1 resE_2
[20:09:30] Fixed 2 duplicate /gene - gltP_1 gltP_2
[20:09:30] Fixed 2 duplicate /gene - dedA_1 dedA_2
[20:09:30] Fixed 2 duplicate /gene - clpX_1 clpX_2
[20:09:30] Fixed 11 duplicate /gene - linC_1 linC_2 linC_3 linC_4 linC_5 linC_6 linC_7 linC_8 linC_9 linC_10 linC_11
[20:09:30] Fixed 2 duplicate /gene - xerC_1 xerC_2
[20:09:30] Fixed 2 duplicate /gene - pfyP_1 pfyP_2
[20:09:30] Fixed 2 duplicate /gene - uvrA_1 uvrA_2
[20:09:30] Fixed 2 duplicate /gene - nlhH_1 nlhH_2
[20:09:30] Fixed 2 duplicate /gene - fimA_1 fimA_2
[20:09:30] Fixed 2 duplicate /gene - cycA_1 cycA_2
[20:09:30] Fixed 2 duplicate /gene - def_1 def_2
[20:09:30] Fixed 2 duplicate /gene - cvpA_1 cvpA_2
[20:09:30] Fixed 2 duplicate /gene - pilT_1 pilT_2
[20:09:30] Fixed 5 duplicate /gene - fldA_1 fldA_2 fldA_3 fldA_4 fldA_5
[20:09:30] Fixed 2 duplicate /gene - bamD_1 bamD_2
[20:09:30] Fixed 3 duplicate /gene - mepM_1 mepM_2 mepM_3
[20:09:30] Fixed 2 duplicate /gene - ahcY_1 ahcY_2
[20:09:30] Fixed 3 duplicate /gene - pspA_1 pspA_2 pspA_3
[20:09:30] Fixed 2 duplicate /gene - alkA_1 alkA_2
[20:09:30] Fixed 2 duplicate /gene - dedD_1 dedD_2
[20:09:30] Fixed 2 duplicate /gene - guaB_1 guaB_2
[20:09:30] Fixed 2 duplicate /gene - limB_1 limB_2
[20:09:30] Fixed 2 duplicate /gene - bdhA_1 bdhA_2
[20:09:30] Fixed 2 duplicate /gene - fusA_1 fusA_2
[20:09:30] Fixed 4 duplicate /gene - fadA_1 fadA_2 fadA_3 fadA_4
[20:09:30] Fixed 2 duplicate /gene - entS_1 entS_2
[20:09:30] Fixed 2 duplicate /gene - walR_1 walR_2
[20:09:30] Fixed 2 duplicate /gene - petA_1 petA_2
[20:09:30] Fixed 2 duplicate /gene - mhqE_1 mhqE_2
[20:09:30] Fixed 4 duplicate /gene - rbn_1 rbn_2 rbn_3 rbn_4
[20:09:30] Fixed 2 duplicate /gene - htpX_1 htpX_2
[20:09:30] Fixed 2 duplicate /gene - yjmC_1 yjmC_2
[20:09:30] Fixed 2 duplicate /gene - ppm1_1 ppm1_2
[20:09:30] Fixed 2 duplicate /gene - lemA_1 lemA_2
[20:09:30] Fixed 2 duplicate /gene - ectD_1 ectD_2
[20:09:30] Fixed 2 duplicate /gene - ytrA_1 ytrA_2
[20:09:30] Fixed 2 duplicate /gene - yghU_1 yghU_2
[20:09:30] Fixed 2 duplicate /gene - luxQ_1 luxQ_2
[20:09:30] Fixed 2 duplicate /gene - qbdA_1 qbdA_2
[20:09:30] Fixed 2 duplicate /gene - pao_1 pao_2
[20:09:30] Fixed 2 duplicate /gene - clpP_1 clpP_2
[20:09:30] Fixed 5 duplicate /gene - acdA_1 acdA_2 acdA_3 acdA_4 acdA_5
[20:09:30] Fixed 2 duplicate /gene - cdhR_1 cdhR_2
[20:09:30] Fixed 8 duplicate /gene - atsA_1 atsA_2 atsA_3 atsA_4 atsA_5 atsA_6 atsA_7 atsA_8
[20:09:30] Fixed 6 duplicate /gene - crt_1 crt_2 crt_3 crt_4 crt_5 crt_6
[20:09:30] Fixed 5 duplicate /gene - lcfB_1 lcfB_2 lcfB_3 lcfB_4 lcfB_5
[20:09:30] Fixed 4 duplicate /gene - uctC_1 uctC_2 uctC_3 uctC_4
[20:09:30] Fixed 7 duplicate /gene - yfmJ_1 yfmJ_2 yfmJ_3 yfmJ_4 yfmJ_5 yfmJ_6 yfmJ_7
[20:09:30] Fixed 2 duplicate /gene - tesB_1 tesB_2
[20:09:30] Fixed 2 duplicate /gene - fabG2_1 fabG2_2
[20:09:30] Fixed 2 duplicate /gene - folC_1 folC_2
[20:09:30] Fixed 2 duplicate /gene - ampC_1 ampC_2
[20:09:30] Fixed 4 duplicate /gene - paaF_1 paaF_2 paaF_3 paaF_4
[20:09:30] Fixed 3 duplicate /gene - gloC_1 gloC_2 gloC_3
[20:09:30] Fixed 2 duplicate /gene - apc3_1 apc3_2
[20:09:30] Fixed 3 duplicate /gene - ccp_1 ccp_2 ccp_3
[20:09:30] Fixed 202 colliding /gene names.
[20:09:30] Adding /locus_tag identifiers
[20:09:30] Assigned 2807 locus_tags to CDS and RNA features.
[20:09:30] Writing outputs to project2/prokka_output/SaanichInlet_200m.124/
[20:09:32] Generating annotation statistics file
[20:09:32] Generating Genbank and Sequin files
[20:09:32] Running: tbl2asn -V b -a r10k -l paired-ends -M n -N 1 -y 'Annotated using prokka 1.13 from https://github.com/tseemann/prokka' -Z project2\/prokka_output\/SaanichInlet_200m\.124\/MAG124\.err -i project2\/prokka_output\/SaanichInlet_200m\.124\/MAG124\.fsa 2> /dev/null
[20:09:40] Deleting unwanted file: project2/prokka_output/SaanichInlet_200m.124/errorsummary.val
[20:09:40] Deleting unwanted file: project2/prokka_output/SaanichInlet_200m.124/MAG124.dr
[20:09:40] Deleting unwanted file: project2/prokka_output/SaanichInlet_200m.124/MAG124.fixedproducts
[20:09:40] Deleting unwanted file: project2/prokka_output/SaanichInlet_200m.124/MAG124.ecn
[20:09:40] Deleting unwanted file: project2/prokka_output/SaanichInlet_200m.124/MAG124.val
[20:09:40] Repairing broken .GBK output that tbl2asn produces...
[20:09:40] Running: sed 's/COORDINATES: profile/COORDINATES:profile/' < project2\/prokka_output\/SaanichInlet_200m\.124\/MAG124\.gbf > project2\/prokka_output\/SaanichInlet_200m\.124\/MAG124\.gbk
[20:09:40] Deleting unwanted file: project2/prokka_output/SaanichInlet_200m.124/MAG124.gbf
[20:09:40] Output files:
[20:09:40] project2/prokka_output/SaanichInlet_200m.124/MAG124.log
[20:09:40] project2/prokka_output/SaanichInlet_200m.124/MAG124.fna
[20:09:40] project2/prokka_output/SaanichInlet_200m.124/MAG124.gff
[20:09:40] project2/prokka_output/SaanichInlet_200m.124/MAG124.faa
[20:09:40] project2/prokka_output/SaanichInlet_200m.124/MAG124.ffn
[20:09:40] project2/prokka_output/SaanichInlet_200m.124/MAG124.tbl
[20:09:40] project2/prokka_output/SaanichInlet_200m.124/MAG124.fsa
[20:09:40] project2/prokka_output/SaanichInlet_200m.124/MAG124.tsv
[20:09:40] project2/prokka_output/SaanichInlet_200m.124/MAG124.txt
[20:09:40] project2/prokka_output/SaanichInlet_200m.124/MAG124.gbk
[20:09:40] project2/prokka_output/SaanichInlet_200m.124/MAG124.sqn
[20:09:40] project2/prokka_output/SaanichInlet_200m.124/MAG124.err
[20:09:40] Annotation finished successfully.
[20:09:40] Walltime used: 1.87 minutes
[20:09:40] If you use this result please cite the Prokka paper:
[20:09:40] Seemann T (2014) Prokka: rapid prokaryotic genome annotation. Bioinformatics. 30(14):2068-9.
[20:09:40] Type 'prokka --citation' for more details.
[20:09:40] Thank you, come again.
